[1.431s] DEBUG:colcon:Command line arguments: ['/usr/bin/colcon', 'build']
[1.432s] DEBUG:colcon:Parsed command line arguments: Namespace(log_base=None, log_level=None, verb_name='build', build_base='build', install_base='install', merge_install=False, symlink_install=False, test_result_base=None, continue_on_error=False, executor='parallel', parallel_workers=4, event_handlers=None, ignore_user_meta=False, metas=['./colcon.meta'], base_paths=['.'], packages_ignore=None, packages_ignore_regex=None, paths=None, packages_up_to=None, packages_up_to_regex=None, packages_above=None, packages_above_and_dependencies=None, packages_above_depth=None, packages_select_by_dep=None, packages_skip_by_dep=None, packages_skip_up_to=None, packages_select_build_failed=False, packages_skip_build_finished=False, packages_select_test_failures=False, packages_skip_test_passed=False, packages_select=None, packages_skip=None, packages_select_regex=None, packages_skip_regex=None, packages_start=None, packages_end=None, allow_overriding=[], cmake_args=None, cmake_target=None, cmake_target_skip_unavailable=False, cmake_clean_cache=False, cmake_clean_first=False, cmake_force_configure=False, ament_cmake_args=None, catkin_cmake_args=None, catkin_skip_building_tests=False, mixin_files=None, mixin=None, verb_parser=<colcon_mixin.mixin.mixin_argument.MixinArgumentDecorator object at 0xffffb352c610>, verb_extension=<colcon_core.verb.build.BuildVerb object at 0xffffb352c160>, main=<bound method BuildVerb.main of <colcon_core.verb.build.BuildVerb object at 0xffffb352c160>>, mixin_verb=('build',))
[3.563s] Level 1:colcon.colcon_core.package_discovery:discover_packages(colcon_meta) check parameters
[3.565s] Level 1:colcon.colcon_core.package_discovery:discover_packages(recursive) check parameters
[3.565s] Level 1:colcon.colcon_core.package_discovery:discover_packages(ignore) check parameters
[3.565s] Level 1:colcon.colcon_core.package_discovery:discover_packages(path) check parameters
[3.566s] Level 1:colcon.colcon_core.package_discovery:discover_packages(colcon_meta) discover
[3.566s] Level 1:colcon.colcon_core.package_discovery:discover_packages(recursive) discover
[3.567s] INFO:colcon.colcon_core.package_discovery:Crawling recursively for packages in '/home/sabbi/test_ws'
[3.569s] Level 1:colcon.colcon_core.package_identification:_identify(.) by extensions ['ignore', 'ignore_ament_install']
[3.571s] Level 1:colcon.colcon_core.package_identification:_identify(.) by extension 'ignore'
[3.572s] Level 1:colcon.colcon_core.package_identification:_identify(.) by extension 'ignore_ament_install'
[3.573s] Level 1:colcon.colcon_core.package_identification:_identify(.) by extensions ['colcon_pkg']
[3.573s] Level 1:colcon.colcon_core.package_identification:_identify(.) by extension 'colcon_pkg'
[3.573s] Level 1:colcon.colcon_core.package_identification:_identify(.) by extensions ['colcon_meta']
[3.574s] Level 1:colcon.colcon_core.package_identification:_identify(.) by extension 'colcon_meta'
[3.574s] Level 1:colcon.colcon_core.package_identification:_identify(.) by extensions ['ros']
[3.575s] Level 1:colcon.colcon_core.package_identification:_identify(.) by extension 'ros'
[3.718s] Level 1:colcon.colcon_core.package_identification:_identify(.) by extensions ['cmake', 'python']
[3.719s] Level 1:colcon.colcon_core.package_identification:_identify(.) by extension 'cmake'
[3.719s] Level 1:colcon.colcon_core.package_identification:_identify(.) by extension 'python'
[3.720s] Level 1:colcon.colcon_core.package_identification:_identify(.) by extensions ['python_setup_py']
[3.721s] Level 1:colcon.colcon_core.package_identification:_identify(.) by extension 'python_setup_py'
[3.722s] Level 1:colcon.colcon_core.package_identification:_identify(build) by extensions ['ignore', 'ignore_ament_install']
[3.723s] Level 1:colcon.colcon_core.package_identification:_identify(build) by extension 'ignore'
[3.724s] Level 1:colcon.colcon_core.package_identification:_identify(build) ignored
[3.725s] Level 1:colcon.colcon_core.package_identification:_identify(install) by extensions ['ignore', 'ignore_ament_install']
[3.727s] Level 1:colcon.colcon_core.package_identification:_identify(install) by extension 'ignore'
[3.727s] Level 1:colcon.colcon_core.package_identification:_identify(install) ignored
[3.729s] Level 1:colcon.colcon_core.package_identification:_identify(log) by extensions ['ignore', 'ignore_ament_install']
[3.730s] Level 1:colcon.colcon_core.package_identification:_identify(log) by extension 'ignore'
[3.730s] Level 1:colcon.colcon_core.package_identification:_identify(log) ignored
[3.732s] Level 1:colcon.colcon_core.package_identification:_identify(src) by extensions ['ignore', 'ignore_ament_install']
[3.733s] Level 1:colcon.colcon_core.package_identification:_identify(src) by extension 'ignore'
[3.733s] Level 1:colcon.colcon_core.package_identification:_identify(src) by extension 'ignore_ament_install'
[3.734s] Level 1:colcon.colcon_core.package_identification:_identify(src) by extensions ['colcon_pkg']
[3.735s] Level 1:colcon.colcon_core.package_identification:_identify(src) by extension 'colcon_pkg'
[3.735s] Level 1:colcon.colcon_core.package_identification:_identify(src) by extensions ['colcon_meta']
[3.735s] Level 1:colcon.colcon_core.package_identification:_identify(src) by extension 'colcon_meta'
[3.736s] Level 1:colcon.colcon_core.package_identification:_identify(src) by extensions ['ros']
[3.736s] Level 1:colcon.colcon_core.package_identification:_identify(src) by extension 'ros'
[3.737s] Level 1:colcon.colcon_core.package_identification:_identify(src) by extensions ['cmake', 'python']
[3.737s] Level 1:colcon.colcon_core.package_identification:_identify(src) by extension 'cmake'
[3.738s] Level 1:colcon.colcon_core.package_identification:_identify(src) by extension 'python'
[3.738s] Level 1:colcon.colcon_core.package_identification:_identify(src) by extensions ['python_setup_py']
[3.739s] Level 1:colcon.colcon_core.package_identification:_identify(src) by extension 'python_setup_py'
[3.740s] Level 1:colcon.colcon_core.package_identification:_identify(src/battery_publisher) by extensions ['ignore', 'ignore_ament_install']
[3.741s] Level 1:colcon.colcon_core.package_identification:_identify(src/battery_publisher) by extension 'ignore'
[3.741s] Level 1:colcon.colcon_core.package_identification:_identify(src/battery_publisher) by extension 'ignore_ament_install'
[3.742s] Level 1:colcon.colcon_core.package_identification:_identify(src/battery_publisher) by extensions ['colcon_pkg']
[3.743s] Level 1:colcon.colcon_core.package_identification:_identify(src/battery_publisher) by extension 'colcon_pkg'
[3.743s] Level 1:colcon.colcon_core.package_identification:_identify(src/battery_publisher) by extensions ['colcon_meta']
[3.744s] Level 1:colcon.colcon_core.package_identification:_identify(src/battery_publisher) by extension 'colcon_meta'
[3.744s] Level 1:colcon.colcon_core.package_identification:_identify(src/battery_publisher) by extensions ['ros']
[3.745s] Level 1:colcon.colcon_core.package_identification:_identify(src/battery_publisher) by extension 'ros'
[3.771s] DEBUG:colcon.colcon_core.package_identification:Package 'src/battery_publisher' with type 'ros.ament_python' and name 'battery_publisher'
[3.773s] Level 1:colcon.colcon_core.package_identification:_identify(src/multi_ultrasonic_sensor) by extensions ['ignore', 'ignore_ament_install']
[3.774s] Level 1:colcon.colcon_core.package_identification:_identify(src/multi_ultrasonic_sensor) by extension 'ignore'
[3.775s] Level 1:colcon.colcon_core.package_identification:_identify(src/multi_ultrasonic_sensor) by extension 'ignore_ament_install'
[3.776s] Level 1:colcon.colcon_core.package_identification:_identify(src/multi_ultrasonic_sensor) by extensions ['colcon_pkg']
[3.776s] Level 1:colcon.colcon_core.package_identification:_identify(src/multi_ultrasonic_sensor) by extension 'colcon_pkg'
[3.777s] Level 1:colcon.colcon_core.package_identification:_identify(src/multi_ultrasonic_sensor) by extensions ['colcon_meta']
[3.777s] Level 1:colcon.colcon_core.package_identification:_identify(src/multi_ultrasonic_sensor) by extension 'colcon_meta'
[3.778s] Level 1:colcon.colcon_core.package_identification:_identify(src/multi_ultrasonic_sensor) by extensions ['ros']
[3.778s] Level 1:colcon.colcon_core.package_identification:_identify(src/multi_ultrasonic_sensor) by extension 'ros'
[3.784s] DEBUG:colcon.colcon_core.package_identification:Package 'src/multi_ultrasonic_sensor' with type 'ros.ament_python' and name 'multi_ultrasonic_sensor'
[3.785s] Level 1:colcon.colcon_core.package_discovery:discover_packages(recursive) using defaults
[3.785s] Level 1:colcon.colcon_core.package_discovery:discover_packages(ignore) discover
[3.786s] Level 1:colcon.colcon_core.package_discovery:discover_packages(ignore) using defaults
[3.786s] Level 1:colcon.colcon_core.package_discovery:discover_packages(path) discover
[3.787s] Level 1:colcon.colcon_core.package_discovery:discover_packages(path) using defaults
[4.023s] Level 1:colcon.colcon_core.package_discovery:discover_packages(prefix_path) check parameters
[4.024s] Level 1:colcon.colcon_core.package_discovery:discover_packages(prefix_path) discover
[4.070s] DEBUG:colcon.colcon_installed_package_information.package_discovery:Found 189 installed packages in /opt/ros/humble
[4.162s] Level 1:colcon.colcon_core.package_discovery:discover_packages(prefix_path) using defaults
[4.559s] Level 5:colcon.colcon_core.verb:set package 'battery_publisher' build argument 'cmake_args' from command line to 'None'
[4.560s] Level 5:colcon.colcon_core.verb:set package 'battery_publisher' build argument 'cmake_target' from command line to 'None'
[4.560s] Level 5:colcon.colcon_core.verb:set package 'battery_publisher' build argument 'cmake_target_skip_unavailable' from command line to 'False'
[4.561s] Level 5:colcon.colcon_core.verb:set package 'battery_publisher' build argument 'cmake_clean_cache' from command line to 'False'
[4.561s] Level 5:colcon.colcon_core.verb:set package 'battery_publisher' build argument 'cmake_clean_first' from command line to 'False'
[4.562s] Level 5:colcon.colcon_core.verb:set package 'battery_publisher' build argument 'cmake_force_configure' from command line to 'False'
[4.563s] Level 5:colcon.colcon_core.verb:set package 'battery_publisher' build argument 'ament_cmake_args' from command line to 'None'
[4.563s] Level 5:colcon.colcon_core.verb:set package 'battery_publisher' build argument 'catkin_cmake_args' from command line to 'None'
[4.564s] Level 5:colcon.colcon_core.verb:set package 'battery_publisher' build argument 'catkin_skip_building_tests' from command line to 'False'
[4.564s] DEBUG:colcon.colcon_core.verb:Building package 'battery_publisher' with the following arguments: {'ament_cmake_args': None, 'build_base': '/home/sabbi/test_ws/build/battery_publisher', 'catkin_cmake_args': None, 'catkin_skip_building_tests': False, 'cmake_args': None, 'cmake_clean_cache': False, 'cmake_clean_first': False, 'cmake_force_configure': False, 'cmake_target': None, 'cmake_target_skip_unavailable': False, 'install_base': '/home/sabbi/test_ws/install/battery_publisher', 'merge_install': False, 'path': '/home/sabbi/test_ws/src/battery_publisher', 'symlink_install': False, 'test_result_base': None}
[4.571s] Level 5:colcon.colcon_core.verb:set package 'multi_ultrasonic_sensor' build argument 'cmake_args' from command line to 'None'
[4.572s] Level 5:colcon.colcon_core.verb:set package 'multi_ultrasonic_sensor' build argument 'cmake_target' from command line to 'None'
[4.573s] Level 5:colcon.colcon_core.verb:set package 'multi_ultrasonic_sensor' build argument 'cmake_target_skip_unavailable' from command line to 'False'
[4.573s] Level 5:colcon.colcon_core.verb:set package 'multi_ultrasonic_sensor' build argument 'cmake_clean_cache' from command line to 'False'
[4.574s] Level 5:colcon.colcon_core.verb:set package 'multi_ultrasonic_sensor' build argument 'cmake_clean_first' from command line to 'False'
[4.574s] Level 5:colcon.colcon_core.verb:set package 'multi_ultrasonic_sensor' build argument 'cmake_force_configure' from command line to 'False'
[4.575s] Level 5:colcon.colcon_core.verb:set package 'multi_ultrasonic_sensor' build argument 'ament_cmake_args' from command line to 'None'
[4.575s] Level 5:colcon.colcon_core.verb:set package 'multi_ultrasonic_sensor' build argument 'catkin_cmake_args' from command line to 'None'
[4.576s] Level 5:colcon.colcon_core.verb:set package 'multi_ultrasonic_sensor' build argument 'catkin_skip_building_tests' from command line to 'False'
[4.577s] DEBUG:colcon.colcon_core.verb:Building package 'multi_ultrasonic_sensor' with the following arguments: {'ament_cmake_args': None, 'build_base': '/home/sabbi/test_ws/build/multi_ultrasonic_sensor', 'catkin_cmake_args': None, 'catkin_skip_building_tests': False, 'cmake_args': None, 'cmake_clean_cache': False, 'cmake_clean_first': False, 'cmake_force_configure': False, 'cmake_target': None, 'cmake_target_skip_unavailable': False, 'install_base': '/home/sabbi/test_ws/install/multi_ultrasonic_sensor', 'merge_install': False, 'path': '/home/sabbi/test_ws/src/multi_ultrasonic_sensor', 'symlink_install': False, 'test_result_base': None}
[4.578s] INFO:colcon.colcon_core.executor:Executing jobs using 'parallel' executor
[4.591s] DEBUG:colcon.colcon_parallel_executor.executor.parallel:run_until_complete
[4.594s] INFO:colcon.colcon_ros.task.ament_python.build:Building ROS package in '/home/sabbi/test_ws/src/battery_publisher' with build type 'ament_python'
[4.595s] Level 1:colcon.colcon_core.shell:create_environment_hook('battery_publisher', 'ament_prefix_path')
[4.627s] INFO:colcon.colcon_core.plugin_system:Skipping extension 'colcon_core.shell.bat': Not used on non-Windows systems
[4.629s] INFO:colcon.colcon_core.shell:Creating environment hook '/home/sabbi/test_ws/install/battery_publisher/share/battery_publisher/hook/ament_prefix_path.ps1'
[4.639s] INFO:colcon.colcon_core.shell:Creating environment descriptor '/home/sabbi/test_ws/install/battery_publisher/share/battery_publisher/hook/ament_prefix_path.dsv'
[4.647s] INFO:colcon.colcon_core.shell:Creating environment hook '/home/sabbi/test_ws/install/battery_publisher/share/battery_publisher/hook/ament_prefix_path.sh'
[4.658s] INFO:colcon.colcon_core.shell:Skip shell extension 'powershell' for command environment: Not usable outside of PowerShell
[4.659s] DEBUG:colcon.colcon_core.shell:Skip shell extension 'dsv' for command environment
[4.705s] INFO:colcon.colcon_ros.task.ament_python.build:Building ROS package in '/home/sabbi/test_ws/src/multi_ultrasonic_sensor' with build type 'ament_python'
[4.708s] Level 1:colcon.colcon_core.shell:create_environment_hook('multi_ultrasonic_sensor', 'ament_prefix_path')
[4.711s] INFO:colcon.colcon_core.shell:Creating environment hook '/home/sabbi/test_ws/install/multi_ultrasonic_sensor/share/multi_ultrasonic_sensor/hook/ament_prefix_path.ps1'
[4.716s] INFO:colcon.colcon_core.shell:Creating environment descriptor '/home/sabbi/test_ws/install/multi_ultrasonic_sensor/share/multi_ultrasonic_sensor/hook/ament_prefix_path.dsv'
[4.723s] INFO:colcon.colcon_core.shell:Creating environment hook '/home/sabbi/test_ws/install/multi_ultrasonic_sensor/share/multi_ultrasonic_sensor/hook/ament_prefix_path.sh'
[4.732s] INFO:colcon.colcon_core.shell:Skip shell extension 'powershell' for command environment: Not usable outside of PowerShell
[4.733s] DEBUG:colcon.colcon_core.shell:Skip shell extension 'dsv' for command environment
[8.107s] INFO:colcon.colcon_core.task.python.build:Building Python package in '/home/sabbi/test_ws/src/battery_publisher'
[8.110s] INFO:colcon.colcon_core.shell:Skip shell extension 'powershell' for command environment: Not usable outside of PowerShell
[8.110s] DEBUG:colcon.colcon_core.shell:Skip shell extension 'dsv' for command environment
[10.674s] INFO:colcon.colcon_core.task.python.build:Building Python package in '/home/sabbi/test_ws/src/multi_ultrasonic_sensor'
[10.675s] INFO:colcon.colcon_core.shell:Skip shell extension 'powershell' for command environment: Not usable outside of PowerShell
[10.675s] DEBUG:colcon.colcon_core.shell:Skip shell extension 'dsv' for command environment
[15.047s] DEBUG:colcon.colcon_core.event_handler.log_command:Invoking command in '/home/sabbi/test_ws/src/battery_publisher': PYTHONPATH=/home/sabbi/test_ws/build/battery_publisher/prefix_override:/usr/lib/python3/dist-packages/colcon_core/task/python/colcon_distutils_commands:/home/sabbi/test_ws/install/battery_publisher/lib/python3.10/site-packages:${PYTHONPATH} /usr/bin/python3 -W ignore:setup.py install is deprecated -W ignore:easy_install command is deprecated setup.py egg_info --egg-base ../../build/battery_publisher build --build-base /home/sabbi/test_ws/build/battery_publisher/build install --record /home/sabbi/test_ws/build/battery_publisher/install.log --single-version-externally-managed install_data
[15.115s] DEBUG:colcon.colcon_core.event_handler.log_command:Invoking command in '/home/sabbi/test_ws/src/multi_ultrasonic_sensor': PYTHONPATH=/home/sabbi/test_ws/build/multi_ultrasonic_sensor/prefix_override:/usr/lib/python3/dist-packages/colcon_core/task/python/colcon_distutils_commands:/home/sabbi/test_ws/install/multi_ultrasonic_sensor/lib/python3.10/site-packages:${PYTHONPATH} /usr/bin/python3 -W ignore:setup.py install is deprecated -W ignore:easy_install command is deprecated setup.py egg_info --egg-base ../../build/multi_ultrasonic_sensor build --build-base /home/sabbi/test_ws/build/multi_ultrasonic_sensor/build install --record /home/sabbi/test_ws/build/multi_ultrasonic_sensor/install.log --single-version-externally-managed install_data
[18.420s] DEBUG:colcon.colcon_core.event_handler.log_command:Invoked command in '/home/sabbi/test_ws/src/battery_publisher' returned '0': PYTHONPATH=/home/sabbi/test_ws/build/battery_publisher/prefix_override:/usr/lib/python3/dist-packages/colcon_core/task/python/colcon_distutils_commands:/home/sabbi/test_ws/install/battery_publisher/lib/python3.10/site-packages:${PYTHONPATH} /usr/bin/python3 -W ignore:setup.py install is deprecated -W ignore:easy_install command is deprecated setup.py egg_info --egg-base ../../build/battery_publisher build --build-base /home/sabbi/test_ws/build/battery_publisher/build install --record /home/sabbi/test_ws/build/battery_publisher/install.log --single-version-externally-managed install_data
[18.438s] Level 1:colcon.colcon_core.environment:checking '/home/sabbi/test_ws/install/battery_publisher' for CMake module files
[18.441s] Level 1:colcon.colcon_core.environment:checking '/home/sabbi/test_ws/install/battery_publisher' for CMake config files
[18.445s] Level 1:colcon.colcon_core.environment:checking '/home/sabbi/test_ws/install/battery_publisher/lib'
[18.446s] Level 1:colcon.colcon_core.environment:checking '/home/sabbi/test_ws/install/battery_publisher/bin'
[18.446s] Level 1:colcon.colcon_core.environment:checking '/home/sabbi/test_ws/install/battery_publisher/lib/pkgconfig/battery_publisher.pc'
[18.447s] Level 1:colcon.colcon_core.environment:checking '/home/sabbi/test_ws/install/battery_publisher/lib/python3.10/site-packages'
[18.447s] Level 1:colcon.colcon_core.shell:create_environment_hook('battery_publisher', 'pythonpath')
[18.448s] INFO:colcon.colcon_core.shell:Creating environment hook '/home/sabbi/test_ws/install/battery_publisher/share/battery_publisher/hook/pythonpath.ps1'
[18.450s] INFO:colcon.colcon_core.shell:Creating environment descriptor '/home/sabbi/test_ws/install/battery_publisher/share/battery_publisher/hook/pythonpath.dsv'
[18.452s] INFO:colcon.colcon_core.shell:Creating environment hook '/home/sabbi/test_ws/install/battery_publisher/share/battery_publisher/hook/pythonpath.sh'
[18.455s] Level 1:colcon.colcon_core.environment:checking '/home/sabbi/test_ws/install/battery_publisher/bin'
[18.455s] Level 1:colcon.colcon_core.environment:create_environment_scripts_only(battery_publisher)
[18.456s] INFO:colcon.colcon_core.shell:Creating package script '/home/sabbi/test_ws/install/battery_publisher/share/battery_publisher/package.ps1'
[18.460s] INFO:colcon.colcon_core.shell:Creating package descriptor '/home/sabbi/test_ws/install/battery_publisher/share/battery_publisher/package.dsv'
[18.462s] INFO:colcon.colcon_core.shell:Creating package script '/home/sabbi/test_ws/install/battery_publisher/share/battery_publisher/package.sh'
[18.466s] INFO:colcon.colcon_core.shell:Creating package script '/home/sabbi/test_ws/install/battery_publisher/share/battery_publisher/package.bash'
[18.470s] INFO:colcon.colcon_core.shell:Creating package script '/home/sabbi/test_ws/install/battery_publisher/share/battery_publisher/package.zsh'
[18.473s] Level 1:colcon.colcon_core.environment:create_file_with_runtime_dependencies(/home/sabbi/test_ws/install/battery_publisher/share/colcon-core/packages/battery_publisher)
[18.477s] Level 1:colcon.colcon_core.environment:checking '/home/sabbi/test_ws/install/multi_ultrasonic_sensor' for CMake module files
[18.487s] DEBUG:colcon.colcon_core.event_handler.log_command:Invoked command in '/home/sabbi/test_ws/src/multi_ultrasonic_sensor' returned '0': PYTHONPATH=/home/sabbi/test_ws/build/multi_ultrasonic_sensor/prefix_override:/usr/lib/python3/dist-packages/colcon_core/task/python/colcon_distutils_commands:/home/sabbi/test_ws/install/multi_ultrasonic_sensor/lib/python3.10/site-packages:${PYTHONPATH} /usr/bin/python3 -W ignore:setup.py install is deprecated -W ignore:easy_install command is deprecated setup.py egg_info --egg-base ../../build/multi_ultrasonic_sensor build --build-base /home/sabbi/test_ws/build/multi_ultrasonic_sensor/build install --record /home/sabbi/test_ws/build/multi_ultrasonic_sensor/install.log --single-version-externally-managed install_data
[18.489s] Level 1:colcon.colcon_core.environment:checking '/home/sabbi/test_ws/install/multi_ultrasonic_sensor' for CMake config files
[18.499s] Level 1:colcon.colcon_core.environment:checking '/home/sabbi/test_ws/install/multi_ultrasonic_sensor/lib'
[18.501s] Level 1:colcon.colcon_core.environment:checking '/home/sabbi/test_ws/install/multi_ultrasonic_sensor/bin'
[18.501s] Level 1:colcon.colcon_core.environment:checking '/home/sabbi/test_ws/install/multi_ultrasonic_sensor/lib/pkgconfig/multi_ultrasonic_sensor.pc'
[18.504s] Level 1:colcon.colcon_core.environment:checking '/home/sabbi/test_ws/install/multi_ultrasonic_sensor/lib/python3.10/site-packages'
[18.505s] Level 1:colcon.colcon_core.shell:create_environment_hook('multi_ultrasonic_sensor', 'pythonpath')
[18.508s] INFO:colcon.colcon_core.shell:Creating environment hook '/home/sabbi/test_ws/install/multi_ultrasonic_sensor/share/multi_ultrasonic_sensor/hook/pythonpath.ps1'
[18.513s] INFO:colcon.colcon_core.shell:Creating environment descriptor '/home/sabbi/test_ws/install/multi_ultrasonic_sensor/share/multi_ultrasonic_sensor/hook/pythonpath.dsv'
[18.520s] INFO:colcon.colcon_core.shell:Creating environment hook '/home/sabbi/test_ws/install/multi_ultrasonic_sensor/share/multi_ultrasonic_sensor/hook/pythonpath.sh'
[18.527s] Level 1:colcon.colcon_core.environment:checking '/home/sabbi/test_ws/install/multi_ultrasonic_sensor/bin'
[18.528s] Level 1:colcon.colcon_core.environment:create_environment_scripts_only(multi_ultrasonic_sensor)
[18.531s] INFO:colcon.colcon_core.shell:Creating package script '/home/sabbi/test_ws/install/multi_ultrasonic_sensor/share/multi_ultrasonic_sensor/package.ps1'
[18.537s] INFO:colcon.colcon_core.shell:Creating package descriptor '/home/sabbi/test_ws/install/multi_ultrasonic_sensor/share/multi_ultrasonic_sensor/package.dsv'
[18.543s] INFO:colcon.colcon_core.shell:Creating package script '/home/sabbi/test_ws/install/multi_ultrasonic_sensor/share/multi_ultrasonic_sensor/package.sh'
[18.548s] INFO:colcon.colcon_core.shell:Creating package script '/home/sabbi/test_ws/install/multi_ultrasonic_sensor/share/multi_ultrasonic_sensor/package.bash'
[18.553s] INFO:colcon.colcon_core.shell:Creating package script '/home/sabbi/test_ws/install/multi_ultrasonic_sensor/share/multi_ultrasonic_sensor/package.zsh'
[18.557s] Level 1:colcon.colcon_core.environment:create_file_with_runtime_dependencies(/home/sabbi/test_ws/install/multi_ultrasonic_sensor/share/colcon-core/packages/multi_ultrasonic_sensor)
[18.560s] DEBUG:colcon.colcon_parallel_executor.executor.parallel:closing loop
[18.563s] DEBUG:colcon.colcon_parallel_executor.executor.parallel:loop closed
[18.564s] DEBUG:colcon.colcon_parallel_executor.executor.parallel:run_until_complete finished with '0'
[18.565s] DEBUG:colcon.colcon_core.event_reactor:joining thread
[18.628s] INFO:colcon.colcon_core.plugin_system:Skipping extension 'colcon_notification.desktop_notification.terminal_notifier': Not used on non-Darwin systems
[18.629s] INFO:colcon.colcon_core.plugin_system:Skipping extension 'colcon_notification.desktop_notification.win32': Not used on non-Windows systems
[18.629s] INFO:colcon.colcon_notification.desktop_notification:Sending desktop notification using 'notify2'
[18.750s] DEBUG:colcon.colcon_core.event_reactor:joined thread
[18.753s] INFO:colcon.colcon_core.shell:Creating prefix script '/home/sabbi/test_ws/install/local_setup.ps1'
[18.765s] INFO:colcon.colcon_core.shell:Creating prefix util module '/home/sabbi/test_ws/install/_local_setup_util_ps1.py'
[18.783s] INFO:colcon.colcon_core.shell:Creating prefix chain script '/home/sabbi/test_ws/install/setup.ps1'
[18.795s] INFO:colcon.colcon_core.shell:Creating prefix script '/home/sabbi/test_ws/install/local_setup.sh'
[18.802s] INFO:colcon.colcon_core.shell:Creating prefix util module '/home/sabbi/test_ws/install/_local_setup_util_sh.py'
[18.810s] INFO:colcon.colcon_core.shell:Creating prefix chain script '/home/sabbi/test_ws/install/setup.sh'
[18.824s] INFO:colcon.colcon_core.shell:Creating prefix script '/home/sabbi/test_ws/install/local_setup.bash'
[18.830s] INFO:colcon.colcon_core.shell:Creating prefix chain script '/home/sabbi/test_ws/install/setup.bash'
[18.842s] INFO:colcon.colcon_core.shell:Creating prefix script '/home/sabbi/test_ws/install/local_setup.zsh'
[18.850s] INFO:colcon.colcon_core.shell:Creating prefix chain script '/home/sabbi/test_ws/install/setup.zsh'
