[1.334s] DEBUG:colcon:Command line arguments: ['/usr/bin/colcon', 'build']
[1.335s] DEBUG:colcon:Parsed command line arguments: Namespace(log_base=None, log_level=None, verb_name='build', build_base='build', install_base='install', merge_install=False, symlink_install=False, test_result_base=None, continue_on_error=False, executor='parallel', parallel_workers=4, event_handlers=None, ignore_user_meta=False, metas=['./colcon.meta'], base_paths=['.'], packages_ignore=None, packages_ignore_regex=None, paths=None, packages_up_to=None, packages_up_to_regex=None, packages_above=None, packages_above_and_dependencies=None, packages_above_depth=None, packages_select_by_dep=None, packages_skip_by_dep=None, packages_skip_up_to=None, packages_select_build_failed=False, packages_skip_build_finished=False, packages_select_test_failures=False, packages_skip_test_passed=False, packages_select=None, packages_skip=None, packages_select_regex=None, packages_skip_regex=None, packages_start=None, packages_end=None, allow_overriding=[], cmake_args=None, cmake_target=None, cmake_target_skip_unavailable=False, cmake_clean_cache=False, cmake_clean_first=False, cmake_force_configure=False, ament_cmake_args=None, catkin_cmake_args=None, catkin_skip_building_tests=False, mixin_files=None, mixin=None, verb_parser=<colcon_mixin.mixin.mixin_argument.MixinArgumentDecorator object at 0xffffa6c18910>, verb_extension=<colcon_core.verb.build.BuildVerb object at 0xffffa6c18460>, main=<bound method BuildVerb.main of <colcon_core.verb.build.BuildVerb object at 0xffffa6c18460>>, mixin_verb=('build',))
[3.358s] Level 1:colcon.colcon_core.package_discovery:discover_packages(colcon_meta) check parameters
[3.359s] Level 1:colcon.colcon_core.package_discovery:discover_packages(recursive) check parameters
[3.360s] Level 1:colcon.colcon_core.package_discovery:discover_packages(ignore) check parameters
[3.360s] Level 1:colcon.colcon_core.package_discovery:discover_packages(path) check parameters
[3.360s] Level 1:colcon.colcon_core.package_discovery:discover_packages(colcon_meta) discover
[3.361s] Level 1:colcon.colcon_core.package_discovery:discover_packages(recursive) discover
[3.361s] INFO:colcon.colcon_core.package_discovery:Crawling recursively for packages in '/home/sabbi/test_ws'
[3.362s] Level 1:colcon.colcon_core.package_identification:_identify(.) by extensions ['ignore', 'ignore_ament_install']
[3.363s] Level 1:colcon.colcon_core.package_identification:_identify(.) by extension 'ignore'
[3.364s] Level 1:colcon.colcon_core.package_identification:_identify(.) by extension 'ignore_ament_install'
[3.365s] Level 1:colcon.colcon_core.package_identification:_identify(.) by extensions ['colcon_pkg']
[3.365s] Level 1:colcon.colcon_core.package_identification:_identify(.) by extension 'colcon_pkg'
[3.365s] Level 1:colcon.colcon_core.package_identification:_identify(.) by extensions ['colcon_meta']
[3.366s] Level 1:colcon.colcon_core.package_identification:_identify(.) by extension 'colcon_meta'
[3.366s] Level 1:colcon.colcon_core.package_identification:_identify(.) by extensions ['ros']
[3.367s] Level 1:colcon.colcon_core.package_identification:_identify(.) by extension 'ros'
[3.499s] Level 1:colcon.colcon_core.package_identification:_identify(.) by extensions ['cmake', 'python']
[3.500s] Level 1:colcon.colcon_core.package_identification:_identify(.) by extension 'cmake'
[3.500s] Level 1:colcon.colcon_core.package_identification:_identify(.) by extension 'python'
[3.501s] Level 1:colcon.colcon_core.package_identification:_identify(.) by extensions ['python_setup_py']
[3.501s] Level 1:colcon.colcon_core.package_identification:_identify(.) by extension 'python_setup_py'
[3.503s] Level 1:colcon.colcon_core.package_identification:_identify(build) by extensions ['ignore', 'ignore_ament_install']
[3.503s] Level 1:colcon.colcon_core.package_identification:_identify(build) by extension 'ignore'
[3.504s] Level 1:colcon.colcon_core.package_identification:_identify(build) ignored
[3.506s] Level 1:colcon.colcon_core.package_identification:_identify(install) by extensions ['ignore', 'ignore_ament_install']
[3.508s] Level 1:colcon.colcon_core.package_identification:_identify(install) by extension 'ignore'
[3.508s] Level 1:colcon.colcon_core.package_identification:_identify(install) ignored
[3.510s] Level 1:colcon.colcon_core.package_identification:_identify(log) by extensions ['ignore', 'ignore_ament_install']
[3.511s] Level 1:colcon.colcon_core.package_identification:_identify(log) by extension 'ignore'
[3.511s] Level 1:colcon.colcon_core.package_identification:_identify(log) ignored
[3.512s] Level 1:colcon.colcon_core.package_identification:_identify(src) by extensions ['ignore', 'ignore_ament_install']
[3.513s] Level 1:colcon.colcon_core.package_identification:_identify(src) by extension 'ignore'
[3.514s] Level 1:colcon.colcon_core.package_identification:_identify(src) by extension 'ignore_ament_install'
[3.514s] Level 1:colcon.colcon_core.package_identification:_identify(src) by extensions ['colcon_pkg']
[3.515s] Level 1:colcon.colcon_core.package_identification:_identify(src) by extension 'colcon_pkg'
[3.515s] Level 1:colcon.colcon_core.package_identification:_identify(src) by extensions ['colcon_meta']
[3.516s] Level 1:colcon.colcon_core.package_identification:_identify(src) by extension 'colcon_meta'
[3.516s] Level 1:colcon.colcon_core.package_identification:_identify(src) by extensions ['ros']
[3.516s] Level 1:colcon.colcon_core.package_identification:_identify(src) by extension 'ros'
[3.517s] Level 1:colcon.colcon_core.package_identification:_identify(src) by extensions ['cmake', 'python']
[3.518s] Level 1:colcon.colcon_core.package_identification:_identify(src) by extension 'cmake'
[3.518s] Level 1:colcon.colcon_core.package_identification:_identify(src) by extension 'python'
[3.519s] Level 1:colcon.colcon_core.package_identification:_identify(src) by extensions ['python_setup_py']
[3.519s] Level 1:colcon.colcon_core.package_identification:_identify(src) by extension 'python_setup_py'
[3.521s] Level 1:colcon.colcon_core.package_identification:_identify(src/multi_ultrasonic_sensor) by extensions ['ignore', 'ignore_ament_install']
[3.522s] Level 1:colcon.colcon_core.package_identification:_identify(src/multi_ultrasonic_sensor) by extension 'ignore'
[3.523s] Level 1:colcon.colcon_core.package_identification:_identify(src/multi_ultrasonic_sensor) by extension 'ignore_ament_install'
[3.524s] Level 1:colcon.colcon_core.package_identification:_identify(src/multi_ultrasonic_sensor) by extensions ['colcon_pkg']
[3.524s] Level 1:colcon.colcon_core.package_identification:_identify(src/multi_ultrasonic_sensor) by extension 'colcon_pkg'
[3.525s] Level 1:colcon.colcon_core.package_identification:_identify(src/multi_ultrasonic_sensor) by extensions ['colcon_meta']
[3.525s] Level 1:colcon.colcon_core.package_identification:_identify(src/multi_ultrasonic_sensor) by extension 'colcon_meta'
[3.526s] Level 1:colcon.colcon_core.package_identification:_identify(src/multi_ultrasonic_sensor) by extensions ['ros']
[3.526s] Level 1:colcon.colcon_core.package_identification:_identify(src/multi_ultrasonic_sensor) by extension 'ros'
[3.549s] DEBUG:colcon.colcon_core.package_identification:Package 'src/multi_ultrasonic_sensor' with type 'ros.ament_python' and name 'multi_ultrasonic_sensor'
[3.550s] Level 1:colcon.colcon_core.package_discovery:discover_packages(recursive) using defaults
[3.551s] Level 1:colcon.colcon_core.package_discovery:discover_packages(ignore) discover
[3.551s] Level 1:colcon.colcon_core.package_discovery:discover_packages(ignore) using defaults
[3.551s] Level 1:colcon.colcon_core.package_discovery:discover_packages(path) discover
[3.552s] Level 1:colcon.colcon_core.package_discovery:discover_packages(path) using defaults
[3.765s] Level 1:colcon.colcon_core.package_discovery:discover_packages(prefix_path) check parameters
[3.765s] Level 1:colcon.colcon_core.package_discovery:discover_packages(prefix_path) discover
[3.787s] DEBUG:colcon.colcon_installed_package_information.package_discovery:Found 1 installed packages in /home/sabbi/test_ws/install
[3.806s] DEBUG:colcon.colcon_installed_package_information.package_discovery:Found 189 installed packages in /opt/ros/humble
[3.900s] Level 1:colcon.colcon_core.package_discovery:discover_packages(prefix_path) using defaults
[4.255s] Level 5:colcon.colcon_core.verb:set package 'multi_ultrasonic_sensor' build argument 'cmake_args' from command line to 'None'
[4.256s] Level 5:colcon.colcon_core.verb:set package 'multi_ultrasonic_sensor' build argument 'cmake_target' from command line to 'None'
[4.256s] Level 5:colcon.colcon_core.verb:set package 'multi_ultrasonic_sensor' build argument 'cmake_target_skip_unavailable' from command line to 'False'
[4.257s] Level 5:colcon.colcon_core.verb:set package 'multi_ultrasonic_sensor' build argument 'cmake_clean_cache' from command line to 'False'
[4.257s] Level 5:colcon.colcon_core.verb:set package 'multi_ultrasonic_sensor' build argument 'cmake_clean_first' from command line to 'False'
[4.258s] Level 5:colcon.colcon_core.verb:set package 'multi_ultrasonic_sensor' build argument 'cmake_force_configure' from command line to 'False'
[4.258s] Level 5:colcon.colcon_core.verb:set package 'multi_ultrasonic_sensor' build argument 'ament_cmake_args' from command line to 'None'
[4.258s] Level 5:colcon.colcon_core.verb:set package 'multi_ultrasonic_sensor' build argument 'catkin_cmake_args' from command line to 'None'
[4.259s] Level 5:colcon.colcon_core.verb:set package 'multi_ultrasonic_sensor' build argument 'catkin_skip_building_tests' from command line to 'False'
[4.259s] DEBUG:colcon.colcon_core.verb:Building package 'multi_ultrasonic_sensor' with the following arguments: {'ament_cmake_args': None, 'build_base': '/home/sabbi/test_ws/build/multi_ultrasonic_sensor', 'catkin_cmake_args': None, 'catkin_skip_building_tests': False, 'cmake_args': None, 'cmake_clean_cache': False, 'cmake_clean_first': False, 'cmake_force_configure': False, 'cmake_target': None, 'cmake_target_skip_unavailable': False, 'install_base': '/home/sabbi/test_ws/install/multi_ultrasonic_sensor', 'merge_install': False, 'path': '/home/sabbi/test_ws/src/multi_ultrasonic_sensor', 'symlink_install': False, 'test_result_base': None}
[4.261s] INFO:colcon.colcon_core.executor:Executing jobs using 'parallel' executor
[4.268s] DEBUG:colcon.colcon_parallel_executor.executor.parallel:run_until_complete
[4.270s] INFO:colcon.colcon_ros.task.ament_python.build:Building ROS package in '/home/sabbi/test_ws/src/multi_ultrasonic_sensor' with build type 'ament_python'
[4.273s] Level 1:colcon.colcon_core.shell:create_environment_hook('multi_ultrasonic_sensor', 'ament_prefix_path')
[4.300s] INFO:colcon.colcon_core.plugin_system:Skipping extension 'colcon_core.shell.bat': Not used on non-Windows systems
[4.301s] INFO:colcon.colcon_core.shell:Creating environment hook '/home/sabbi/test_ws/install/multi_ultrasonic_sensor/share/multi_ultrasonic_sensor/hook/ament_prefix_path.ps1'
[4.309s] INFO:colcon.colcon_core.shell:Creating environment descriptor '/home/sabbi/test_ws/install/multi_ultrasonic_sensor/share/multi_ultrasonic_sensor/hook/ament_prefix_path.dsv'
[4.316s] INFO:colcon.colcon_core.shell:Creating environment hook '/home/sabbi/test_ws/install/multi_ultrasonic_sensor/share/multi_ultrasonic_sensor/hook/ament_prefix_path.sh'
[4.325s] INFO:colcon.colcon_core.shell:Skip shell extension 'powershell' for command environment: Not usable outside of PowerShell
[4.326s] DEBUG:colcon.colcon_core.shell:Skip shell extension 'dsv' for command environment
[7.335s] INFO:colcon.colcon_core.task.python.build:Building Python package in '/home/sabbi/test_ws/src/multi_ultrasonic_sensor'
[7.338s] INFO:colcon.colcon_core.shell:Skip shell extension 'powershell' for command environment: Not usable outside of PowerShell
[7.338s] DEBUG:colcon.colcon_core.shell:Skip shell extension 'dsv' for command environment
[11.654s] DEBUG:colcon.colcon_core.event_handler.log_command:Invoking command in '/home/sabbi/test_ws/src/multi_ultrasonic_sensor': PYTHONPATH=/home/sabbi/test_ws/build/multi_ultrasonic_sensor/prefix_override:/usr/lib/python3/dist-packages/colcon_core/task/python/colcon_distutils_commands:/home/sabbi/test_ws/install/multi_ultrasonic_sensor/lib/python3.10/site-packages:${PYTHONPATH} /usr/bin/python3 -W ignore:setup.py install is deprecated -W ignore:easy_install command is deprecated setup.py egg_info --egg-base ../../build/multi_ultrasonic_sensor build --build-base /home/sabbi/test_ws/build/multi_ultrasonic_sensor/build install --record /home/sabbi/test_ws/build/multi_ultrasonic_sensor/install.log --single-version-externally-managed install_data
[14.878s] DEBUG:colcon.colcon_core.event_handler.log_command:Invoked command in '/home/sabbi/test_ws/src/multi_ultrasonic_sensor' returned '0': PYTHONPATH=/home/sabbi/test_ws/build/multi_ultrasonic_sensor/prefix_override:/usr/lib/python3/dist-packages/colcon_core/task/python/colcon_distutils_commands:/home/sabbi/test_ws/install/multi_ultrasonic_sensor/lib/python3.10/site-packages:${PYTHONPATH} /usr/bin/python3 -W ignore:setup.py install is deprecated -W ignore:easy_install command is deprecated setup.py egg_info --egg-base ../../build/multi_ultrasonic_sensor build --build-base /home/sabbi/test_ws/build/multi_ultrasonic_sensor/build install --record /home/sabbi/test_ws/build/multi_ultrasonic_sensor/install.log --single-version-externally-managed install_data
[14.906s] Level 1:colcon.colcon_core.environment:checking '/home/sabbi/test_ws/install/multi_ultrasonic_sensor' for CMake module files
[14.913s] Level 1:colcon.colcon_core.environment:checking '/home/sabbi/test_ws/install/multi_ultrasonic_sensor' for CMake config files
[14.926s] Level 1:colcon.colcon_core.environment:checking '/home/sabbi/test_ws/install/multi_ultrasonic_sensor/lib'
[14.928s] Level 1:colcon.colcon_core.environment:checking '/home/sabbi/test_ws/install/multi_ultrasonic_sensor/bin'
[14.929s] Level 1:colcon.colcon_core.environment:checking '/home/sabbi/test_ws/install/multi_ultrasonic_sensor/lib/pkgconfig/multi_ultrasonic_sensor.pc'
[14.932s] Level 1:colcon.colcon_core.environment:checking '/home/sabbi/test_ws/install/multi_ultrasonic_sensor/lib/python3.10/site-packages'
[14.933s] Level 1:colcon.colcon_core.shell:create_environment_hook('multi_ultrasonic_sensor', 'pythonpath')
[14.935s] INFO:colcon.colcon_core.shell:Creating environment hook '/home/sabbi/test_ws/install/multi_ultrasonic_sensor/share/multi_ultrasonic_sensor/hook/pythonpath.ps1'
[14.940s] INFO:colcon.colcon_core.shell:Creating environment descriptor '/home/sabbi/test_ws/install/multi_ultrasonic_sensor/share/multi_ultrasonic_sensor/hook/pythonpath.dsv'
[14.945s] INFO:colcon.colcon_core.shell:Creating environment hook '/home/sabbi/test_ws/install/multi_ultrasonic_sensor/share/multi_ultrasonic_sensor/hook/pythonpath.sh'
[14.953s] Level 1:colcon.colcon_core.environment:checking '/home/sabbi/test_ws/install/multi_ultrasonic_sensor/bin'
[14.953s] Level 1:colcon.colcon_core.environment:create_environment_scripts_only(multi_ultrasonic_sensor)
[14.957s] INFO:colcon.colcon_core.shell:Creating package script '/home/sabbi/test_ws/install/multi_ultrasonic_sensor/share/multi_ultrasonic_sensor/package.ps1'
[14.967s] INFO:colcon.colcon_core.shell:Creating package descriptor '/home/sabbi/test_ws/install/multi_ultrasonic_sensor/share/multi_ultrasonic_sensor/package.dsv'
[14.975s] INFO:colcon.colcon_core.shell:Creating package script '/home/sabbi/test_ws/install/multi_ultrasonic_sensor/share/multi_ultrasonic_sensor/package.sh'
[14.985s] INFO:colcon.colcon_core.shell:Creating package script '/home/sabbi/test_ws/install/multi_ultrasonic_sensor/share/multi_ultrasonic_sensor/package.bash'
[14.995s] INFO:colcon.colcon_core.shell:Creating package script '/home/sabbi/test_ws/install/multi_ultrasonic_sensor/share/multi_ultrasonic_sensor/package.zsh'
[15.004s] Level 1:colcon.colcon_core.environment:create_file_with_runtime_dependencies(/home/sabbi/test_ws/install/multi_ultrasonic_sensor/share/colcon-core/packages/multi_ultrasonic_sensor)
[15.006s] DEBUG:colcon.colcon_parallel_executor.executor.parallel:closing loop
[15.011s] DEBUG:colcon.colcon_parallel_executor.executor.parallel:loop closed
[15.011s] DEBUG:colcon.colcon_parallel_executor.executor.parallel:run_until_complete finished with '0'
[15.012s] DEBUG:colcon.colcon_core.event_reactor:joining thread
[15.071s] INFO:colcon.colcon_core.plugin_system:Skipping extension 'colcon_notification.desktop_notification.terminal_notifier': Not used on non-Darwin systems
[15.072s] INFO:colcon.colcon_core.plugin_system:Skipping extension 'colcon_notification.desktop_notification.win32': Not used on non-Windows systems
[15.072s] INFO:colcon.colcon_notification.desktop_notification:Sending desktop notification using 'notify2'
[15.194s] DEBUG:colcon.colcon_core.event_reactor:joined thread
[15.197s] INFO:colcon.colcon_core.shell:Creating prefix script '/home/sabbi/test_ws/install/local_setup.ps1'
[15.208s] INFO:colcon.colcon_core.shell:Creating prefix util module '/home/sabbi/test_ws/install/_local_setup_util_ps1.py'
[15.229s] INFO:colcon.colcon_core.shell:Creating prefix chain script '/home/sabbi/test_ws/install/setup.ps1'
[15.242s] INFO:colcon.colcon_core.shell:Creating prefix script '/home/sabbi/test_ws/install/local_setup.sh'
[15.250s] INFO:colcon.colcon_core.shell:Creating prefix util module '/home/sabbi/test_ws/install/_local_setup_util_sh.py'
[15.258s] INFO:colcon.colcon_core.shell:Creating prefix chain script '/home/sabbi/test_ws/install/setup.sh'
[15.273s] INFO:colcon.colcon_core.shell:Creating prefix script '/home/sabbi/test_ws/install/local_setup.bash'
[15.281s] INFO:colcon.colcon_core.shell:Creating prefix chain script '/home/sabbi/test_ws/install/setup.bash'
[15.295s] INFO:colcon.colcon_core.shell:Creating prefix script '/home/sabbi/test_ws/install/local_setup.zsh'
[15.303s] INFO:colcon.colcon_core.shell:Creating prefix chain script '/home/sabbi/test_ws/install/setup.zsh'
