[4.284s] Invoking command in '/home/sabbi/test_ws/src/battery_publisher': PYTHONPATH=/home/sabbi/test_ws/build/battery_publisher/prefix_override:/usr/lib/python3/dist-packages/colcon_core/task/python/colcon_distutils_commands:/home/sabbi/test_ws/install/battery_publisher/lib/python3.10/site-packages:${PYTHONPATH} /usr/bin/python3 -W ignore:setup.py install is deprecated -W ignore:easy_install command is deprecated setup.py egg_info --egg-base ../../build/battery_publisher build --build-base /home/sabbi/test_ws/build/battery_publisher/build install --record /home/sabbi/test_ws/build/battery_publisher/install.log --single-version-externally-managed install_data
[5.495s] running egg_info
[5.499s] writing ../../build/battery_publisher/battery_publisher.egg-info/PKG-INFO
[5.500s] writing dependency_links to ../../build/battery_publisher/battery_publisher.egg-info/dependency_links.txt
[5.501s] writing entry points to ../../build/battery_publisher/battery_publisher.egg-info/entry_points.txt
[5.502s] writing requirements to ../../build/battery_publisher/battery_publisher.egg-info/requires.txt
[5.502s] writing top-level names to ../../build/battery_publisher/battery_publisher.egg-info/top_level.txt
[5.512s] reading manifest file '../../build/battery_publisher/battery_publisher.egg-info/SOURCES.txt'
[5.517s] writing manifest file '../../build/battery_publisher/battery_publisher.egg-info/SOURCES.txt'
[5.517s] running build
[5.518s] running build_py
[5.520s] running install
[5.522s] running install_lib
[5.533s] running install_data
[5.534s] running install_egg_info
[5.539s] removing '/home/sabbi/test_ws/install/battery_publisher/lib/python3.10/site-packages/battery_publisher-0.0.0-py3.10.egg-info' (and everything under it)
[5.542s] Copying ../../build/battery_publisher/battery_publisher.egg-info to /home/sabbi/test_ws/install/battery_publisher/lib/python3.10/site-packages/battery_publisher-0.0.0-py3.10.egg-info
[5.549s] running install_scripts
[5.648s] Installing battery_publisher_node script to /home/sabbi/test_ws/install/battery_publisher/lib/battery_publisher
[5.651s] writing list of installed files to '/home/sabbi/test_ws/build/battery_publisher/install.log'
[5.860s] Invoked command in '/home/sabbi/test_ws/src/battery_publisher' returned '0': PYTHONPATH=/home/sabbi/test_ws/build/battery_publisher/prefix_override:/usr/lib/python3/dist-packages/colcon_core/task/python/colcon_distutils_commands:/home/sabbi/test_ws/install/battery_publisher/lib/python3.10/site-packages:${PYTHONPATH} /usr/bin/python3 -W ignore:setup.py install is deprecated -W ignore:easy_install command is deprecated setup.py egg_info --egg-base ../../build/battery_publisher build --build-base /home/sabbi/test_ws/build/battery_publisher/build install --record /home/sabbi/test_ws/build/battery_publisher/install.log --single-version-externally-managed install_data
