[10.446s] Invoking command in '/home/sabbi/test_ws/src/battery_publisher': PYTHONPATH=/home/sabbi/test_ws/build/battery_publisher/prefix_override:/usr/lib/python3/dist-packages/colcon_core/task/python/colcon_distutils_commands:/home/sabbi/test_ws/install/battery_publisher/lib/python3.10/site-packages:${PYTHONPATH} /usr/bin/python3 -W ignore:setup.py install is deprecated -W ignore:easy_install command is deprecated setup.py egg_info --egg-base ../../build/battery_publisher build --build-base /home/sabbi/test_ws/build/battery_publisher/build install --record /home/sabbi/test_ws/build/battery_publisher/install.log --single-version-externally-managed install_data
[13.371s] running egg_info
[13.380s] writing ../../build/battery_publisher/battery_publisher.egg-info/PKG-INFO
[13.383s] writing dependency_links to ../../build/battery_publisher/battery_publisher.egg-info/dependency_links.txt
[13.386s] writing entry points to ../../build/battery_publisher/battery_publisher.egg-info/entry_points.txt
[13.388s] writing requirements to ../../build/battery_publisher/battery_publisher.egg-info/requires.txt
[13.390s] writing top-level names to ../../build/battery_publisher/battery_publisher.egg-info/top_level.txt
[13.411s] reading manifest file '../../build/battery_publisher/battery_publisher.egg-info/SOURCES.txt'
[13.425s] writing manifest file '../../build/battery_publisher/battery_publisher.egg-info/SOURCES.txt'
[13.429s] running build
[13.431s] running build_py
[13.433s] running install
[13.434s] running install_lib
[13.449s] running install_data
[13.450s] running install_egg_info
[13.468s] removing '/home/sabbi/test_ws/install/battery_publisher/lib/python3.10/site-packages/battery_publisher-0.0.0-py3.10.egg-info' (and everything under it)
[13.473s] Copying ../../build/battery_publisher/battery_publisher.egg-info to /home/sabbi/test_ws/install/battery_publisher/lib/python3.10/site-packages/battery_publisher-0.0.0-py3.10.egg-info
[13.489s] running install_scripts
[13.623s] Installing battery_publisher_node script to /home/sabbi/test_ws/install/battery_publisher/lib/battery_publisher
[13.625s] writing list of installed files to '/home/sabbi/test_ws/build/battery_publisher/install.log'
[13.820s] Invoked command in '/home/sabbi/test_ws/src/battery_publisher' returned '0': PYTHONPATH=/home/sabbi/test_ws/build/battery_publisher/prefix_override:/usr/lib/python3/dist-packages/colcon_core/task/python/colcon_distutils_commands:/home/sabbi/test_ws/install/battery_publisher/lib/python3.10/site-packages:${PYTHONPATH} /usr/bin/python3 -W ignore:setup.py install is deprecated -W ignore:easy_install command is deprecated setup.py egg_info --egg-base ../../build/battery_publisher build --build-base /home/sabbi/test_ws/build/battery_publisher/build install --record /home/sabbi/test_ws/build/battery_publisher/install.log --single-version-externally-managed install_data
