[6.253s] Invoking command in '/home/sabbi/test_ws/src/multi_ultrasonic_sensor': PYTHONPATH=/home/sabbi/test_ws/build/multi_ultrasonic_sensor/prefix_override:/usr/lib/python3/dist-packages/colcon_core/task/python/colcon_distutils_commands:/home/sabbi/test_ws/install/multi_ultrasonic_sensor/lib/python3.10/site-packages:${PYTHONPATH} /usr/bin/python3 -W ignore:setup.py install is deprecated -W ignore:easy_install command is deprecated setup.py egg_info --egg-base ../../build/multi_ultrasonic_sensor build --build-base /home/sabbi/test_ws/build/multi_ultrasonic_sensor/build install --record /home/sabbi/test_ws/build/multi_ultrasonic_sensor/install.log --single-version-externally-managed install_data
[7.471s] running egg_info
[7.474s] writing ../../build/multi_ultrasonic_sensor/multi_ultrasonic_sensor.egg-info/PKG-INFO
[7.481s] writing dependency_links to ../../build/multi_ultrasonic_sensor/multi_ultrasonic_sensor.egg-info/dependency_links.txt
[7.484s] writing entry points to ../../build/multi_ultrasonic_sensor/multi_ultrasonic_sensor.egg-info/entry_points.txt
[7.486s] writing requirements to ../../build/multi_ultrasonic_sensor/multi_ultrasonic_sensor.egg-info/requires.txt
[7.487s] writing top-level names to ../../build/multi_ultrasonic_sensor/multi_ultrasonic_sensor.egg-info/top_level.txt
[7.493s] reading manifest file '../../build/multi_ultrasonic_sensor/multi_ultrasonic_sensor.egg-info/SOURCES.txt'
[7.498s] writing manifest file '../../build/multi_ultrasonic_sensor/multi_ultrasonic_sensor.egg-info/SOURCES.txt'
[7.499s] running build
[7.500s] running build_py
[7.505s] running install
[7.506s] running install_lib
[7.517s] running install_data
[7.519s] running install_egg_info
[7.529s] removing '/home/sabbi/test_ws/install/multi_ultrasonic_sensor/lib/python3.10/site-packages/multi_ultrasonic_sensor-0.0.0-py3.10.egg-info' (and everything under it)
[7.531s] Copying ../../build/multi_ultrasonic_sensor/multi_ultrasonic_sensor.egg-info to /home/sabbi/test_ws/install/multi_ultrasonic_sensor/lib/python3.10/site-packages/multi_ultrasonic_sensor-0.0.0-py3.10.egg-info
[7.538s] running install_scripts
[7.635s] Installing multi_sensor_node script to /home/sabbi/test_ws/install/multi_ultrasonic_sensor/lib/multi_ultrasonic_sensor
[7.640s] writing list of installed files to '/home/sabbi/test_ws/build/multi_ultrasonic_sensor/install.log'
[7.927s] Invoked command in '/home/sabbi/test_ws/src/multi_ultrasonic_sensor' returned '0': PYTHONPATH=/home/sabbi/test_ws/build/multi_ultrasonic_sensor/prefix_override:/usr/lib/python3/dist-packages/colcon_core/task/python/colcon_distutils_commands:/home/sabbi/test_ws/install/multi_ultrasonic_sensor/lib/python3.10/site-packages:${PYTHONPATH} /usr/bin/python3 -W ignore:setup.py install is deprecated -W ignore:easy_install command is deprecated setup.py egg_info --egg-base ../../build/multi_ultrasonic_sensor build --build-base /home/sabbi/test_ws/build/multi_ultrasonic_sensor/build install --record /home/sabbi/test_ws/build/multi_ultrasonic_sensor/install.log --single-version-externally-managed install_data
