running egg_info
writing ../../build/multi_ultrasonic_sensor/multi_ultrasonic_sensor.egg-info/PKG-INFO
writing dependency_links to ../../build/multi_ultrasonic_sensor/multi_ultrasonic_sensor.egg-info/dependency_links.txt
writing entry points to ../../build/multi_ultrasonic_sensor/multi_ultrasonic_sensor.egg-info/entry_points.txt
writing requirements to ../../build/multi_ultrasonic_sensor/multi_ultrasonic_sensor.egg-info/requires.txt
writing top-level names to ../../build/multi_ultrasonic_sensor/multi_ultrasonic_sensor.egg-info/top_level.txt
reading manifest file '../../build/multi_ultrasonic_sensor/multi_ultrasonic_sensor.egg-info/SOURCES.txt'
writing manifest file '../../build/multi_ultrasonic_sensor/multi_ultrasonic_sensor.egg-info/SOURCES.txt'
running build
running build_py
copying multi_ultrasonic_sensor/multi_sensor_node.py -> /home/sabbi/test_ws/build/multi_ultrasonic_sensor/build/lib/multi_ultrasonic_sensor
running install
running install_lib
copying /home/sabbi/test_ws/build/multi_ultrasonic_sensor/build/lib/multi_ultrasonic_sensor/multi_sensor_node.py -> /home/sabbi/test_ws/install/multi_ultrasonic_sensor/lib/python3.10/site-packages/multi_ultrasonic_sensor
byte-compiling /home/sabbi/test_ws/install/multi_ultrasonic_sensor/lib/python3.10/site-packages/multi_ultrasonic_sensor/multi_sensor_node.py to multi_sensor_node.cpython-310.pyc
running install_data
running install_egg_info
removing '/home/sabbi/test_ws/install/multi_ultrasonic_sensor/lib/python3.10/site-packages/multi_ultrasonic_sensor-0.0.0-py3.10.egg-info' (and everything under it)
Copying ../../build/multi_ultrasonic_sensor/multi_ultrasonic_sensor.egg-info to /home/sabbi/test_ws/install/multi_ultrasonic_sensor/lib/python3.10/site-packages/multi_ultrasonic_sensor-0.0.0-py3.10.egg-info
running install_scripts
Installing multi_sensor_node script to /home/sabbi/test_ws/install/multi_ultrasonic_sensor/lib/multi_ultrasonic_sensor
writing list of installed files to '/home/sabbi/test_ws/build/multi_ultrasonic_sensor/install.log'
