[1.032s] DEBUG:colcon:Command line arguments: ['/usr/bin/colcon', 'build']
[1.032s] DEBUG:colcon:Parsed command line arguments: Namespace(log_base=None, log_level=None, verb_name='build', build_base='build', install_base='install', merge_install=False, symlink_install=False, test_result_base=None, continue_on_error=False, executor='parallel', parallel_workers=4, event_handlers=None, ignore_user_meta=False, metas=['./colcon.meta'], base_paths=['.'], packages_ignore=None, packages_ignore_regex=None, paths=None, packages_up_to=None, packages_up_to_regex=None, packages_above=None, packages_above_and_dependencies=None, packages_above_depth=None, packages_select_by_dep=None, packages_skip_by_dep=None, packages_skip_up_to=None, packages_select_build_failed=False, packages_skip_build_finished=False, packages_select_test_failures=False, packages_skip_test_passed=False, packages_select=None, packages_skip=None, packages_select_regex=None, packages_skip_regex=None, packages_start=None, packages_end=None, allow_overriding=[], cmake_args=None, cmake_target=None, cmake_target_skip_unavailable=False, cmake_clean_cache=False, cmake_clean_first=False, cmake_force_configure=False, ament_cmake_args=None, catkin_cmake_args=None, catkin_skip_building_tests=False, mixin_files=None, mixin=None, verb_parser=<colcon_mixin.mixin.mixin_argument.MixinArgumentDecorator object at 0xffff93713460>, verb_extension=<colcon_core.verb.build.BuildVerb object at 0xffff9385c430>, main=<bound method BuildVerb.main of <colcon_core.verb.build.BuildVerb object at 0xffff9385c430>>, mixin_verb=('build',))
[2.050s] Level 1:colcon.colcon_core.package_discovery:discover_packages(colcon_meta) check parameters
[2.051s] Level 1:colcon.colcon_core.package_discovery:discover_packages(recursive) check parameters
[2.051s] Level 1:colcon.colcon_core.package_discovery:discover_packages(ignore) check parameters
[2.051s] Level 1:colcon.colcon_core.package_discovery:discover_packages(path) check parameters
[2.051s] Level 1:colcon.colcon_core.package_discovery:discover_packages(colcon_meta) discover
[2.051s] Level 1:colcon.colcon_core.package_discovery:discover_packages(recursive) discover
[2.052s] INFO:colcon.colcon_core.package_discovery:Crawling recursively for packages in '/home/sabbi/test_ws'
[2.052s] Level 1:colcon.colcon_core.package_identification:_identify(.) by extensions ['ignore', 'ignore_ament_install']
[2.053s] Level 1:colcon.colcon_core.package_identification:_identify(.) by extension 'ignore'
[2.053s] Level 1:colcon.colcon_core.package_identification:_identify(.) by extension 'ignore_ament_install'
[2.053s] Level 1:colcon.colcon_core.package_identification:_identify(.) by extensions ['colcon_pkg']
[2.053s] Level 1:colcon.colcon_core.package_identification:_identify(.) by extension 'colcon_pkg'
[2.054s] Level 1:colcon.colcon_core.package_identification:_identify(.) by extensions ['colcon_meta']
[2.054s] Level 1:colcon.colcon_core.package_identification:_identify(.) by extension 'colcon_meta'
[2.054s] Level 1:colcon.colcon_core.package_identification:_identify(.) by extensions ['ros']
[2.054s] Level 1:colcon.colcon_core.package_identification:_identify(.) by extension 'ros'
[2.136s] Level 1:colcon.colcon_core.package_identification:_identify(.) by extensions ['cmake', 'python']
[2.136s] Level 1:colcon.colcon_core.package_identification:_identify(.) by extension 'cmake'
[2.136s] Level 1:colcon.colcon_core.package_identification:_identify(.) by extension 'python'
[2.136s] Level 1:colcon.colcon_core.package_identification:_identify(.) by extensions ['python_setup_py']
[2.136s] Level 1:colcon.colcon_core.package_identification:_identify(.) by extension 'python_setup_py'
[2.137s] Level 1:colcon.colcon_core.package_identification:_identify(build) by extensions ['ignore', 'ignore_ament_install']
[2.137s] Level 1:colcon.colcon_core.package_identification:_identify(build) by extension 'ignore'
[2.138s] Level 1:colcon.colcon_core.package_identification:_identify(build) ignored
[2.138s] Level 1:colcon.colcon_core.package_identification:_identify(install) by extensions ['ignore', 'ignore_ament_install']
[2.139s] Level 1:colcon.colcon_core.package_identification:_identify(install) by extension 'ignore'
[2.139s] Level 1:colcon.colcon_core.package_identification:_identify(install) ignored
[2.139s] Level 1:colcon.colcon_core.package_identification:_identify(log) by extensions ['ignore', 'ignore_ament_install']
[2.140s] Level 1:colcon.colcon_core.package_identification:_identify(log) by extension 'ignore'
[2.140s] Level 1:colcon.colcon_core.package_identification:_identify(log) ignored
[2.141s] Level 1:colcon.colcon_core.package_identification:_identify(src) by extensions ['ignore', 'ignore_ament_install']
[2.141s] Level 1:colcon.colcon_core.package_identification:_identify(src) by extension 'ignore'
[2.142s] Level 1:colcon.colcon_core.package_identification:_identify(src) by extension 'ignore_ament_install'
[2.142s] Level 1:colcon.colcon_core.package_identification:_identify(src) by extensions ['colcon_pkg']
[2.142s] Level 1:colcon.colcon_core.package_identification:_identify(src) by extension 'colcon_pkg'
[2.142s] Level 1:colcon.colcon_core.package_identification:_identify(src) by extensions ['colcon_meta']
[2.142s] Level 1:colcon.colcon_core.package_identification:_identify(src) by extension 'colcon_meta'
[2.142s] Level 1:colcon.colcon_core.package_identification:_identify(src) by extensions ['ros']
[2.143s] Level 1:colcon.colcon_core.package_identification:_identify(src) by extension 'ros'
[2.143s] Level 1:colcon.colcon_core.package_identification:_identify(src) by extensions ['cmake', 'python']
[2.143s] Level 1:colcon.colcon_core.package_identification:_identify(src) by extension 'cmake'
[2.143s] Level 1:colcon.colcon_core.package_identification:_identify(src) by extension 'python'
[2.143s] Level 1:colcon.colcon_core.package_identification:_identify(src) by extensions ['python_setup_py']
[2.143s] Level 1:colcon.colcon_core.package_identification:_identify(src) by extension 'python_setup_py'
[2.144s] Level 1:colcon.colcon_core.package_identification:_identify(src/multi_ultrasonic_sensor) by extensions ['ignore', 'ignore_ament_install']
[2.145s] Level 1:colcon.colcon_core.package_identification:_identify(src/multi_ultrasonic_sensor) by extension 'ignore'
[2.145s] Level 1:colcon.colcon_core.package_identification:_identify(src/multi_ultrasonic_sensor) by extension 'ignore_ament_install'
[2.145s] Level 1:colcon.colcon_core.package_identification:_identify(src/multi_ultrasonic_sensor) by extensions ['colcon_pkg']
[2.145s] Level 1:colcon.colcon_core.package_identification:_identify(src/multi_ultrasonic_sensor) by extension 'colcon_pkg'
[2.146s] Level 1:colcon.colcon_core.package_identification:_identify(src/multi_ultrasonic_sensor) by extensions ['colcon_meta']
[2.146s] Level 1:colcon.colcon_core.package_identification:_identify(src/multi_ultrasonic_sensor) by extension 'colcon_meta'
[2.146s] Level 1:colcon.colcon_core.package_identification:_identify(src/multi_ultrasonic_sensor) by extensions ['ros']
[2.146s] Level 1:colcon.colcon_core.package_identification:_identify(src/multi_ultrasonic_sensor) by extension 'ros'
[2.158s] DEBUG:colcon.colcon_core.package_identification:Package 'src/multi_ultrasonic_sensor' with type 'ros.ament_python' and name 'multi_ultrasonic_sensor'
[2.158s] Level 1:colcon.colcon_core.package_discovery:discover_packages(recursive) using defaults
[2.159s] Level 1:colcon.colcon_core.package_discovery:discover_packages(ignore) discover
[2.159s] Level 1:colcon.colcon_core.package_discovery:discover_packages(ignore) using defaults
[2.159s] Level 1:colcon.colcon_core.package_discovery:discover_packages(path) discover
[2.159s] Level 1:colcon.colcon_core.package_discovery:discover_packages(path) using defaults
[2.297s] Level 1:colcon.colcon_core.package_discovery:discover_packages(prefix_path) check parameters
[2.298s] Level 1:colcon.colcon_core.package_discovery:discover_packages(prefix_path) discover
[2.316s] DEBUG:colcon.colcon_installed_package_information.package_discovery:Found 189 installed packages in /opt/ros/humble
[2.322s] Level 1:colcon.colcon_core.package_discovery:discover_packages(prefix_path) using defaults
[2.482s] Level 5:colcon.colcon_core.verb:set package 'multi_ultrasonic_sensor' build argument 'cmake_args' from command line to 'None'
[2.482s] Level 5:colcon.colcon_core.verb:set package 'multi_ultrasonic_sensor' build argument 'cmake_target' from command line to 'None'
[2.482s] Level 5:colcon.colcon_core.verb:set package 'multi_ultrasonic_sensor' build argument 'cmake_target_skip_unavailable' from command line to 'False'
[2.483s] Level 5:colcon.colcon_core.verb:set package 'multi_ultrasonic_sensor' build argument 'cmake_clean_cache' from command line to 'False'
[2.483s] Level 5:colcon.colcon_core.verb:set package 'multi_ultrasonic_sensor' build argument 'cmake_clean_first' from command line to 'False'
[2.483s] Level 5:colcon.colcon_core.verb:set package 'multi_ultrasonic_sensor' build argument 'cmake_force_configure' from command line to 'False'
[2.483s] Level 5:colcon.colcon_core.verb:set package 'multi_ultrasonic_sensor' build argument 'ament_cmake_args' from command line to 'None'
[2.483s] Level 5:colcon.colcon_core.verb:set package 'multi_ultrasonic_sensor' build argument 'catkin_cmake_args' from command line to 'None'
[2.483s] Level 5:colcon.colcon_core.verb:set package 'multi_ultrasonic_sensor' build argument 'catkin_skip_building_tests' from command line to 'False'
[2.483s] DEBUG:colcon.colcon_core.verb:Building package 'multi_ultrasonic_sensor' with the following arguments: {'ament_cmake_args': None, 'build_base': '/home/sabbi/test_ws/build/multi_ultrasonic_sensor', 'catkin_cmake_args': None, 'catkin_skip_building_tests': False, 'cmake_args': None, 'cmake_clean_cache': False, 'cmake_clean_first': False, 'cmake_force_configure': False, 'cmake_target': None, 'cmake_target_skip_unavailable': False, 'install_base': '/home/sabbi/test_ws/install/multi_ultrasonic_sensor', 'merge_install': False, 'path': '/home/sabbi/test_ws/src/multi_ultrasonic_sensor', 'symlink_install': False, 'test_result_base': None}
[2.484s] INFO:colcon.colcon_core.executor:Executing jobs using 'parallel' executor
[2.487s] DEBUG:colcon.colcon_parallel_executor.executor.parallel:run_until_complete
[2.488s] INFO:colcon.colcon_ros.task.ament_python.build:Building ROS package in '/home/sabbi/test_ws/src/multi_ultrasonic_sensor' with build type 'ament_python'
[2.489s] Level 1:colcon.colcon_core.shell:create_environment_hook('multi_ultrasonic_sensor', 'ament_prefix_path')
[2.511s] INFO:colcon.colcon_core.plugin_system:Skipping extension 'colcon_core.shell.bat': Not used on non-Windows systems
[2.512s] INFO:colcon.colcon_core.shell:Creating environment hook '/home/sabbi/test_ws/install/multi_ultrasonic_sensor/share/multi_ultrasonic_sensor/hook/ament_prefix_path.ps1'
[2.521s] INFO:colcon.colcon_core.shell:Creating environment descriptor '/home/sabbi/test_ws/install/multi_ultrasonic_sensor/share/multi_ultrasonic_sensor/hook/ament_prefix_path.dsv'
[2.525s] INFO:colcon.colcon_core.shell:Creating environment hook '/home/sabbi/test_ws/install/multi_ultrasonic_sensor/share/multi_ultrasonic_sensor/hook/ament_prefix_path.sh'
[2.530s] INFO:colcon.colcon_core.shell:Skip shell extension 'powershell' for command environment: Not usable outside of PowerShell
[2.530s] DEBUG:colcon.colcon_core.shell:Skip shell extension 'dsv' for command environment
[3.619s] INFO:colcon.colcon_core.task.python.build:Building Python package in '/home/sabbi/test_ws/src/multi_ultrasonic_sensor'
[3.620s] INFO:colcon.colcon_core.shell:Skip shell extension 'powershell' for command environment: Not usable outside of PowerShell
[3.621s] DEBUG:colcon.colcon_core.shell:Skip shell extension 'dsv' for command environment
[5.201s] DEBUG:colcon.colcon_core.event_handler.log_command:Invoking command in '/home/sabbi/test_ws/src/multi_ultrasonic_sensor': PYTHONPATH=/home/sabbi/test_ws/build/multi_ultrasonic_sensor/prefix_override:/usr/lib/python3/dist-packages/colcon_core/task/python/colcon_distutils_commands:/home/sabbi/test_ws/install/multi_ultrasonic_sensor/lib/python3.10/site-packages:${PYTHONPATH} /usr/bin/python3 -W ignore:setup.py install is deprecated -W ignore:easy_install command is deprecated setup.py egg_info --egg-base ../../build/multi_ultrasonic_sensor build --build-base /home/sabbi/test_ws/build/multi_ultrasonic_sensor/build install --record /home/sabbi/test_ws/build/multi_ultrasonic_sensor/install.log --single-version-externally-managed install_data
[6.541s] DEBUG:colcon.colcon_core.event_handler.log_command:Invoked command in '/home/sabbi/test_ws/src/multi_ultrasonic_sensor' returned '0': PYTHONPATH=/home/sabbi/test_ws/build/multi_ultrasonic_sensor/prefix_override:/usr/lib/python3/dist-packages/colcon_core/task/python/colcon_distutils_commands:/home/sabbi/test_ws/install/multi_ultrasonic_sensor/lib/python3.10/site-packages:${PYTHONPATH} /usr/bin/python3 -W ignore:setup.py install is deprecated -W ignore:easy_install command is deprecated setup.py egg_info --egg-base ../../build/multi_ultrasonic_sensor build --build-base /home/sabbi/test_ws/build/multi_ultrasonic_sensor/build install --record /home/sabbi/test_ws/build/multi_ultrasonic_sensor/install.log --single-version-externally-managed install_data
[6.589s] Level 1:colcon.colcon_core.environment:checking '/home/sabbi/test_ws/install/multi_ultrasonic_sensor' for CMake module files
[6.592s] Level 1:colcon.colcon_core.environment:checking '/home/sabbi/test_ws/install/multi_ultrasonic_sensor' for CMake config files
[6.598s] Level 1:colcon.colcon_core.environment:checking '/home/sabbi/test_ws/install/multi_ultrasonic_sensor/lib'
[6.599s] Level 1:colcon.colcon_core.environment:checking '/home/sabbi/test_ws/install/multi_ultrasonic_sensor/bin'
[6.599s] Level 1:colcon.colcon_core.environment:checking '/home/sabbi/test_ws/install/multi_ultrasonic_sensor/lib/pkgconfig/multi_ultrasonic_sensor.pc'
[6.600s] Level 1:colcon.colcon_core.environment:checking '/home/sabbi/test_ws/install/multi_ultrasonic_sensor/lib/python3.10/site-packages'
[6.601s] Level 1:colcon.colcon_core.shell:create_environment_hook('multi_ultrasonic_sensor', 'pythonpath')
[6.602s] INFO:colcon.colcon_core.shell:Creating environment hook '/home/sabbi/test_ws/install/multi_ultrasonic_sensor/share/multi_ultrasonic_sensor/hook/pythonpath.ps1'
[6.606s] INFO:colcon.colcon_core.shell:Creating environment descriptor '/home/sabbi/test_ws/install/multi_ultrasonic_sensor/share/multi_ultrasonic_sensor/hook/pythonpath.dsv'
[6.609s] INFO:colcon.colcon_core.shell:Creating environment hook '/home/sabbi/test_ws/install/multi_ultrasonic_sensor/share/multi_ultrasonic_sensor/hook/pythonpath.sh'
[6.613s] Level 1:colcon.colcon_core.environment:checking '/home/sabbi/test_ws/install/multi_ultrasonic_sensor/bin'
[6.613s] Level 1:colcon.colcon_core.environment:create_environment_scripts_only(multi_ultrasonic_sensor)
[6.615s] INFO:colcon.colcon_core.shell:Creating package script '/home/sabbi/test_ws/install/multi_ultrasonic_sensor/share/multi_ultrasonic_sensor/package.ps1'
[6.621s] INFO:colcon.colcon_core.shell:Creating package descriptor '/home/sabbi/test_ws/install/multi_ultrasonic_sensor/share/multi_ultrasonic_sensor/package.dsv'
[6.625s] INFO:colcon.colcon_core.shell:Creating package script '/home/sabbi/test_ws/install/multi_ultrasonic_sensor/share/multi_ultrasonic_sensor/package.sh'
[6.631s] INFO:colcon.colcon_core.shell:Creating package script '/home/sabbi/test_ws/install/multi_ultrasonic_sensor/share/multi_ultrasonic_sensor/package.bash'
[6.637s] INFO:colcon.colcon_core.shell:Creating package script '/home/sabbi/test_ws/install/multi_ultrasonic_sensor/share/multi_ultrasonic_sensor/package.zsh'
[6.643s] Level 1:colcon.colcon_core.environment:create_file_with_runtime_dependencies(/home/sabbi/test_ws/install/multi_ultrasonic_sensor/share/colcon-core/packages/multi_ultrasonic_sensor)
[6.644s] DEBUG:colcon.colcon_parallel_executor.executor.parallel:closing loop
[6.646s] DEBUG:colcon.colcon_parallel_executor.executor.parallel:loop closed
[6.647s] DEBUG:colcon.colcon_parallel_executor.executor.parallel:run_until_complete finished with '0'
[6.647s] DEBUG:colcon.colcon_core.event_reactor:joining thread
[6.685s] INFO:colcon.colcon_core.plugin_system:Skipping extension 'colcon_notification.desktop_notification.terminal_notifier': Not used on non-Darwin systems
[6.685s] INFO:colcon.colcon_core.plugin_system:Skipping extension 'colcon_notification.desktop_notification.win32': Not used on non-Windows systems
[6.685s] INFO:colcon.colcon_notification.desktop_notification:Sending desktop notification using 'notify2'
[6.803s] DEBUG:colcon.colcon_core.event_reactor:joined thread
[6.805s] INFO:colcon.colcon_core.shell:Creating prefix script '/home/sabbi/test_ws/install/local_setup.ps1'
[6.813s] INFO:colcon.colcon_core.shell:Creating prefix util module '/home/sabbi/test_ws/install/_local_setup_util_ps1.py'
[6.824s] INFO:colcon.colcon_core.shell:Creating prefix chain script '/home/sabbi/test_ws/install/setup.ps1'
[6.831s] INFO:colcon.colcon_core.shell:Creating prefix script '/home/sabbi/test_ws/install/local_setup.sh'
[6.838s] INFO:colcon.colcon_core.shell:Creating prefix util module '/home/sabbi/test_ws/install/_local_setup_util_sh.py'
[6.842s] INFO:colcon.colcon_core.shell:Creating prefix chain script '/home/sabbi/test_ws/install/setup.sh'
[6.851s] INFO:colcon.colcon_core.shell:Creating prefix script '/home/sabbi/test_ws/install/local_setup.bash'
[6.855s] INFO:colcon.colcon_core.shell:Creating prefix chain script '/home/sabbi/test_ws/install/setup.bash'
[6.861s] INFO:colcon.colcon_core.shell:Creating prefix script '/home/sabbi/test_ws/install/local_setup.zsh'
[6.865s] INFO:colcon.colcon_core.shell:Creating prefix chain script '/home/sabbi/test_ws/install/setup.zsh'
