[4.140s] Invoking command in '/home/sabbi/test_ws/src/multi_ultrasonic_sensor': PYTHONPATH=/home/sabbi/test_ws/build/multi_ultrasonic_sensor/prefix_override:/usr/lib/python3/dist-packages/colcon_core/task/python/colcon_distutils_commands:/home/sabbi/test_ws/install/multi_ultrasonic_sensor/lib/python3.10/site-packages:${PYTHONPATH} /usr/bin/python3 -W ignore:setup.py install is deprecated -W ignore:easy_install command is deprecated setup.py egg_info --egg-base ../../build/multi_ultrasonic_sensor build --build-base /home/sabbi/test_ws/build/multi_ultrasonic_sensor/build install --record /home/sabbi/test_ws/build/multi_ultrasonic_sensor/install.log --single-version-externally-managed install_data
[6.315s] running egg_info
[6.319s] writing ../../build/multi_ultrasonic_sensor/multi_ultrasonic_sensor.egg-info/PKG-INFO
[6.320s] writing dependency_links to ../../build/multi_ultrasonic_sensor/multi_ultrasonic_sensor.egg-info/dependency_links.txt
[6.321s] writing entry points to ../../build/multi_ultrasonic_sensor/multi_ultrasonic_sensor.egg-info/entry_points.txt
[6.321s] writing requirements to ../../build/multi_ultrasonic_sensor/multi_ultrasonic_sensor.egg-info/requires.txt
[6.322s] writing top-level names to ../../build/multi_ultrasonic_sensor/multi_ultrasonic_sensor.egg-info/top_level.txt
[6.330s] reading manifest file '../../build/multi_ultrasonic_sensor/multi_ultrasonic_sensor.egg-info/SOURCES.txt'
[6.334s] writing manifest file '../../build/multi_ultrasonic_sensor/multi_ultrasonic_sensor.egg-info/SOURCES.txt'
[6.335s] running build
[6.335s] running build_py
[6.336s] copying multi_ultrasonic_sensor/single_ultrasonic_withfilter.py -> /home/sabbi/test_ws/build/multi_ultrasonic_sensor/build/lib/multi_ultrasonic_sensor
[6.338s] running install
[6.339s] running install_lib
[6.343s] copying /home/sabbi/test_ws/build/multi_ultrasonic_sensor/build/lib/multi_ultrasonic_sensor/single_ultrasonic_withfilter.py -> /home/sabbi/test_ws/install/multi_ultrasonic_sensor/lib/python3.10/site-packages/multi_ultrasonic_sensor
[6.347s] byte-compiling /home/sabbi/test_ws/install/multi_ultrasonic_sensor/lib/python3.10/site-packages/multi_ultrasonic_sensor/single_ultrasonic_withfilter.py to single_ultrasonic_withfilter.cpython-310.pyc
[6.353s] running install_data
[6.354s] running install_egg_info
[6.360s] removing '/home/sabbi/test_ws/install/multi_ultrasonic_sensor/lib/python3.10/site-packages/multi_ultrasonic_sensor-0.0.0-py3.10.egg-info' (and everything under it)
[6.362s] Copying ../../build/multi_ultrasonic_sensor/multi_ultrasonic_sensor.egg-info to /home/sabbi/test_ws/install/multi_ultrasonic_sensor/lib/python3.10/site-packages/multi_ultrasonic_sensor-0.0.0-py3.10.egg-info
[6.367s] running install_scripts
[6.450s] Installing multi_sensor_node script to /home/sabbi/test_ws/install/multi_ultrasonic_sensor/lib/multi_ultrasonic_sensor
[6.452s] writing list of installed files to '/home/sabbi/test_ws/build/multi_ultrasonic_sensor/install.log'
[6.576s] Invoked command in '/home/sabbi/test_ws/src/multi_ultrasonic_sensor' returned '0': PYTHONPATH=/home/sabbi/test_ws/build/multi_ultrasonic_sensor/prefix_override:/usr/lib/python3/dist-packages/colcon_core/task/python/colcon_distutils_commands:/home/sabbi/test_ws/install/multi_ultrasonic_sensor/lib/python3.10/site-packages:${PYTHONPATH} /usr/bin/python3 -W ignore:setup.py install is deprecated -W ignore:easy_install command is deprecated setup.py egg_info --egg-base ../../build/multi_ultrasonic_sensor build --build-base /home/sabbi/test_ws/build/multi_ultrasonic_sensor/build install --record /home/sabbi/test_ws/build/multi_ultrasonic_sensor/install.log --single-version-externally-managed install_data
