[1.406s] DEBUG:colcon:Command line arguments: ['/usr/bin/colcon', 'build']
[1.407s] DEBUG:colcon:Parsed command line arguments: Namespace(log_base=None, log_level=None, verb_name='build', build_base='build', install_base='install', merge_install=False, symlink_install=False, test_result_base=None, continue_on_error=False, executor='parallel', parallel_workers=4, event_handlers=None, ignore_user_meta=False, metas=['./colcon.meta'], base_paths=['.'], packages_ignore=None, packages_ignore_regex=None, paths=None, packages_up_to=None, packages_up_to_regex=None, packages_above=None, packages_above_and_dependencies=None, packages_above_depth=None, packages_select_by_dep=None, packages_skip_by_dep=None, packages_skip_up_to=None, packages_select_build_failed=False, packages_skip_build_finished=False, packages_select_test_failures=False, packages_skip_test_passed=False, packages_select=None, packages_skip=None, packages_select_regex=None, packages_skip_regex=None, packages_start=None, packages_end=None, allow_overriding=[], cmake_args=None, cmake_target=None, cmake_target_skip_unavailable=False, cmake_clean_cache=False, cmake_clean_first=False, cmake_force_configure=False, ament_cmake_args=None, catkin_cmake_args=None, catkin_skip_building_tests=False, mixin_files=None, mixin=None, verb_parser=<colcon_mixin.mixin.mixin_argument.MixinArgumentDecorator object at 0xffffab3e3730>, verb_extension=<colcon_core.verb.build.BuildVerb object at 0xffffab52c700>, main=<bound method BuildVerb.main of <colcon_core.verb.build.BuildVerb object at 0xffffab52c700>>, mixin_verb=('build',))
[3.403s] Level 1:colcon.colcon_core.package_discovery:discover_packages(colcon_meta) check parameters
[3.405s] Level 1:colcon.colcon_core.package_discovery:discover_packages(recursive) check parameters
[3.405s] Level 1:colcon.colcon_core.package_discovery:discover_packages(ignore) check parameters
[3.405s] Level 1:colcon.colcon_core.package_discovery:discover_packages(path) check parameters
[3.406s] Level 1:colcon.colcon_core.package_discovery:discover_packages(colcon_meta) discover
[3.406s] Level 1:colcon.colcon_core.package_discovery:discover_packages(recursive) discover
[3.407s] INFO:colcon.colcon_core.package_discovery:Crawling recursively for packages in '/home/sabbi/test_ws'
[3.409s] Level 1:colcon.colcon_core.package_identification:_identify(.) by extensions ['ignore', 'ignore_ament_install']
[3.410s] Level 1:colcon.colcon_core.package_identification:_identify(.) by extension 'ignore'
[3.412s] Level 1:colcon.colcon_core.package_identification:_identify(.) by extension 'ignore_ament_install'
[3.413s] Level 1:colcon.colcon_core.package_identification:_identify(.) by extensions ['colcon_pkg']
[3.414s] Level 1:colcon.colcon_core.package_identification:_identify(.) by extension 'colcon_pkg'
[3.415s] Level 1:colcon.colcon_core.package_identification:_identify(.) by extensions ['colcon_meta']
[3.420s] Level 1:colcon.colcon_core.package_identification:_identify(.) by extension 'colcon_meta'
[3.421s] Level 1:colcon.colcon_core.package_identification:_identify(.) by extensions ['ros']
[3.421s] Level 1:colcon.colcon_core.package_identification:_identify(.) by extension 'ros'
[3.568s] Level 1:colcon.colcon_core.package_identification:_identify(.) by extensions ['cmake', 'python']
[3.569s] Level 1:colcon.colcon_core.package_identification:_identify(.) by extension 'cmake'
[3.570s] Level 1:colcon.colcon_core.package_identification:_identify(.) by extension 'python'
[3.572s] Level 1:colcon.colcon_core.package_identification:_identify(.) by extensions ['python_setup_py']
[3.572s] Level 1:colcon.colcon_core.package_identification:_identify(.) by extension 'python_setup_py'
[3.574s] Level 1:colcon.colcon_core.package_identification:_identify(build) by extensions ['ignore', 'ignore_ament_install']
[3.576s] Level 1:colcon.colcon_core.package_identification:_identify(build) by extension 'ignore'
[3.576s] Level 1:colcon.colcon_core.package_identification:_identify(build) ignored
[3.578s] Level 1:colcon.colcon_core.package_identification:_identify(install) by extensions ['ignore', 'ignore_ament_install']
[3.580s] Level 1:colcon.colcon_core.package_identification:_identify(install) by extension 'ignore'
[3.581s] Level 1:colcon.colcon_core.package_identification:_identify(install) ignored
[3.583s] Level 1:colcon.colcon_core.package_identification:_identify(log) by extensions ['ignore', 'ignore_ament_install']
[3.586s] Level 1:colcon.colcon_core.package_identification:_identify(log) by extension 'ignore'
[3.587s] Level 1:colcon.colcon_core.package_identification:_identify(log) ignored
[3.589s] Level 1:colcon.colcon_core.package_identification:_identify(src) by extensions ['ignore', 'ignore_ament_install']
[3.590s] Level 1:colcon.colcon_core.package_identification:_identify(src) by extension 'ignore'
[3.591s] Level 1:colcon.colcon_core.package_identification:_identify(src) by extension 'ignore_ament_install'
[3.592s] Level 1:colcon.colcon_core.package_identification:_identify(src) by extensions ['colcon_pkg']
[3.593s] Level 1:colcon.colcon_core.package_identification:_identify(src) by extension 'colcon_pkg'
[3.594s] Level 1:colcon.colcon_core.package_identification:_identify(src) by extensions ['colcon_meta']
[3.595s] Level 1:colcon.colcon_core.package_identification:_identify(src) by extension 'colcon_meta'
[3.596s] Level 1:colcon.colcon_core.package_identification:_identify(src) by extensions ['ros']
[3.597s] Level 1:colcon.colcon_core.package_identification:_identify(src) by extension 'ros'
[3.601s] Level 1:colcon.colcon_core.package_identification:_identify(src) by extensions ['cmake', 'python']
[3.602s] Level 1:colcon.colcon_core.package_identification:_identify(src) by extension 'cmake'
[3.602s] Level 1:colcon.colcon_core.package_identification:_identify(src) by extension 'python'
[3.603s] Level 1:colcon.colcon_core.package_identification:_identify(src) by extensions ['python_setup_py']
[3.603s] Level 1:colcon.colcon_core.package_identification:_identify(src) by extension 'python_setup_py'
[3.605s] Level 1:colcon.colcon_core.package_identification:_identify(src/multi_ultrasonic_sensor) by extensions ['ignore', 'ignore_ament_install']
[3.605s] Level 1:colcon.colcon_core.package_identification:_identify(src/multi_ultrasonic_sensor) by extension 'ignore'
[3.606s] Level 1:colcon.colcon_core.package_identification:_identify(src/multi_ultrasonic_sensor) by extension 'ignore_ament_install'
[3.607s] Level 1:colcon.colcon_core.package_identification:_identify(src/multi_ultrasonic_sensor) by extensions ['colcon_pkg']
[3.607s] Level 1:colcon.colcon_core.package_identification:_identify(src/multi_ultrasonic_sensor) by extension 'colcon_pkg'
[3.608s] Level 1:colcon.colcon_core.package_identification:_identify(src/multi_ultrasonic_sensor) by extensions ['colcon_meta']
[3.608s] Level 1:colcon.colcon_core.package_identification:_identify(src/multi_ultrasonic_sensor) by extension 'colcon_meta'
[3.609s] Level 1:colcon.colcon_core.package_identification:_identify(src/multi_ultrasonic_sensor) by extensions ['ros']
[3.609s] Level 1:colcon.colcon_core.package_identification:_identify(src/multi_ultrasonic_sensor) by extension 'ros'
[3.624s] DEBUG:colcon.colcon_core.package_identification:Package 'src/multi_ultrasonic_sensor' with type 'ros.ament_python' and name 'multi_ultrasonic_sensor'
[3.624s] Level 1:colcon.colcon_core.package_discovery:discover_packages(recursive) using defaults
[3.625s] Level 1:colcon.colcon_core.package_discovery:discover_packages(ignore) discover
[3.626s] Level 1:colcon.colcon_core.package_discovery:discover_packages(ignore) using defaults
[3.627s] Level 1:colcon.colcon_core.package_discovery:discover_packages(path) discover
[3.628s] Level 1:colcon.colcon_core.package_discovery:discover_packages(path) using defaults
[3.843s] Level 1:colcon.colcon_core.package_discovery:discover_packages(prefix_path) check parameters
[3.843s] Level 1:colcon.colcon_core.package_discovery:discover_packages(prefix_path) discover
[3.870s] DEBUG:colcon.colcon_installed_package_information.package_discovery:Found 1 installed packages in /home/sabbi/test_ws/install
[3.882s] DEBUG:colcon.colcon_installed_package_information.package_discovery:Found 189 installed packages in /opt/ros/humble
[3.889s] Level 1:colcon.colcon_core.package_discovery:discover_packages(prefix_path) using defaults
[4.345s] Level 5:colcon.colcon_core.verb:set package 'multi_ultrasonic_sensor' build argument 'cmake_args' from command line to 'None'
[4.345s] Level 5:colcon.colcon_core.verb:set package 'multi_ultrasonic_sensor' build argument 'cmake_target' from command line to 'None'
[4.345s] Level 5:colcon.colcon_core.verb:set package 'multi_ultrasonic_sensor' build argument 'cmake_target_skip_unavailable' from command line to 'False'
[4.346s] Level 5:colcon.colcon_core.verb:set package 'multi_ultrasonic_sensor' build argument 'cmake_clean_cache' from command line to 'False'
[4.346s] Level 5:colcon.colcon_core.verb:set package 'multi_ultrasonic_sensor' build argument 'cmake_clean_first' from command line to 'False'
[4.346s] Level 5:colcon.colcon_core.verb:set package 'multi_ultrasonic_sensor' build argument 'cmake_force_configure' from command line to 'False'
[4.347s] Level 5:colcon.colcon_core.verb:set package 'multi_ultrasonic_sensor' build argument 'ament_cmake_args' from command line to 'None'
[4.348s] Level 5:colcon.colcon_core.verb:set package 'multi_ultrasonic_sensor' build argument 'catkin_cmake_args' from command line to 'None'
[4.348s] Level 5:colcon.colcon_core.verb:set package 'multi_ultrasonic_sensor' build argument 'catkin_skip_building_tests' from command line to 'False'
[4.349s] DEBUG:colcon.colcon_core.verb:Building package 'multi_ultrasonic_sensor' with the following arguments: {'ament_cmake_args': None, 'build_base': '/home/sabbi/test_ws/build/multi_ultrasonic_sensor', 'catkin_cmake_args': None, 'catkin_skip_building_tests': False, 'cmake_args': None, 'cmake_clean_cache': False, 'cmake_clean_first': False, 'cmake_force_configure': False, 'cmake_target': None, 'cmake_target_skip_unavailable': False, 'install_base': '/home/sabbi/test_ws/install/multi_ultrasonic_sensor', 'merge_install': False, 'path': '/home/sabbi/test_ws/src/multi_ultrasonic_sensor', 'symlink_install': False, 'test_result_base': None}
[4.352s] INFO:colcon.colcon_core.executor:Executing jobs using 'parallel' executor
[4.360s] DEBUG:colcon.colcon_parallel_executor.executor.parallel:run_until_complete
[4.362s] INFO:colcon.colcon_ros.task.ament_python.build:Building ROS package in '/home/sabbi/test_ws/src/multi_ultrasonic_sensor' with build type 'ament_python'
[4.364s] Level 1:colcon.colcon_core.shell:create_environment_hook('multi_ultrasonic_sensor', 'ament_prefix_path')
[4.394s] INFO:colcon.colcon_core.plugin_system:Skipping extension 'colcon_core.shell.bat': Not used on non-Windows systems
[4.397s] INFO:colcon.colcon_core.shell:Creating environment hook '/home/sabbi/test_ws/install/multi_ultrasonic_sensor/share/multi_ultrasonic_sensor/hook/ament_prefix_path.ps1'
[4.402s] INFO:colcon.colcon_core.shell:Creating environment descriptor '/home/sabbi/test_ws/install/multi_ultrasonic_sensor/share/multi_ultrasonic_sensor/hook/ament_prefix_path.dsv'
[4.407s] INFO:colcon.colcon_core.shell:Creating environment hook '/home/sabbi/test_ws/install/multi_ultrasonic_sensor/share/multi_ultrasonic_sensor/hook/ament_prefix_path.sh'
[4.413s] INFO:colcon.colcon_core.shell:Skip shell extension 'powershell' for command environment: Not usable outside of PowerShell
[4.413s] DEBUG:colcon.colcon_core.shell:Skip shell extension 'dsv' for command environment
[7.436s] INFO:colcon.colcon_core.task.python.build:Building Python package in '/home/sabbi/test_ws/src/multi_ultrasonic_sensor'
[7.440s] INFO:colcon.colcon_core.shell:Skip shell extension 'powershell' for command environment: Not usable outside of PowerShell
[7.441s] DEBUG:colcon.colcon_core.shell:Skip shell extension 'dsv' for command environment
[11.275s] DEBUG:colcon.colcon_core.event_handler.log_command:Invoking command in '/home/sabbi/test_ws/src/multi_ultrasonic_sensor': PYTHONPATH=/home/sabbi/test_ws/build/multi_ultrasonic_sensor/prefix_override:/usr/lib/python3/dist-packages/colcon_core/task/python/colcon_distutils_commands:/home/sabbi/test_ws/install/multi_ultrasonic_sensor/lib/python3.10/site-packages:${PYTHONPATH} /usr/bin/python3 -W ignore:setup.py install is deprecated -W ignore:easy_install command is deprecated setup.py egg_info --egg-base ../../build/multi_ultrasonic_sensor build --build-base /home/sabbi/test_ws/build/multi_ultrasonic_sensor/build install --record /home/sabbi/test_ws/build/multi_ultrasonic_sensor/install.log --single-version-externally-managed install_data
[14.688s] DEBUG:colcon.colcon_core.event_handler.log_command:Invoked command in '/home/sabbi/test_ws/src/multi_ultrasonic_sensor' returned '0': PYTHONPATH=/home/sabbi/test_ws/build/multi_ultrasonic_sensor/prefix_override:/usr/lib/python3/dist-packages/colcon_core/task/python/colcon_distutils_commands:/home/sabbi/test_ws/install/multi_ultrasonic_sensor/lib/python3.10/site-packages:${PYTHONPATH} /usr/bin/python3 -W ignore:setup.py install is deprecated -W ignore:easy_install command is deprecated setup.py egg_info --egg-base ../../build/multi_ultrasonic_sensor build --build-base /home/sabbi/test_ws/build/multi_ultrasonic_sensor/build install --record /home/sabbi/test_ws/build/multi_ultrasonic_sensor/install.log --single-version-externally-managed install_data
[14.715s] Level 1:colcon.colcon_core.environment:checking '/home/sabbi/test_ws/install/multi_ultrasonic_sensor' for CMake module files
[14.725s] Level 1:colcon.colcon_core.environment:checking '/home/sabbi/test_ws/install/multi_ultrasonic_sensor' for CMake config files
[14.733s] Level 1:colcon.colcon_core.environment:checking '/home/sabbi/test_ws/install/multi_ultrasonic_sensor/lib'
[14.735s] Level 1:colcon.colcon_core.environment:checking '/home/sabbi/test_ws/install/multi_ultrasonic_sensor/bin'
[14.735s] Level 1:colcon.colcon_core.environment:checking '/home/sabbi/test_ws/install/multi_ultrasonic_sensor/lib/pkgconfig/multi_ultrasonic_sensor.pc'
[14.738s] Level 1:colcon.colcon_core.environment:checking '/home/sabbi/test_ws/install/multi_ultrasonic_sensor/lib/python3.10/site-packages'
[14.739s] Level 1:colcon.colcon_core.shell:create_environment_hook('multi_ultrasonic_sensor', 'pythonpath')
[14.742s] INFO:colcon.colcon_core.shell:Creating environment hook '/home/sabbi/test_ws/install/multi_ultrasonic_sensor/share/multi_ultrasonic_sensor/hook/pythonpath.ps1'
[14.750s] INFO:colcon.colcon_core.shell:Creating environment descriptor '/home/sabbi/test_ws/install/multi_ultrasonic_sensor/share/multi_ultrasonic_sensor/hook/pythonpath.dsv'
[14.757s] INFO:colcon.colcon_core.shell:Creating environment hook '/home/sabbi/test_ws/install/multi_ultrasonic_sensor/share/multi_ultrasonic_sensor/hook/pythonpath.sh'
[14.762s] Level 1:colcon.colcon_core.environment:checking '/home/sabbi/test_ws/install/multi_ultrasonic_sensor/bin'
[14.763s] Level 1:colcon.colcon_core.environment:create_environment_scripts_only(multi_ultrasonic_sensor)
[14.765s] INFO:colcon.colcon_core.shell:Creating package script '/home/sabbi/test_ws/install/multi_ultrasonic_sensor/share/multi_ultrasonic_sensor/package.ps1'
[14.776s] INFO:colcon.colcon_core.shell:Creating package descriptor '/home/sabbi/test_ws/install/multi_ultrasonic_sensor/share/multi_ultrasonic_sensor/package.dsv'
[14.784s] INFO:colcon.colcon_core.shell:Creating package script '/home/sabbi/test_ws/install/multi_ultrasonic_sensor/share/multi_ultrasonic_sensor/package.sh'
[14.792s] INFO:colcon.colcon_core.shell:Creating package script '/home/sabbi/test_ws/install/multi_ultrasonic_sensor/share/multi_ultrasonic_sensor/package.bash'
[14.799s] INFO:colcon.colcon_core.shell:Creating package script '/home/sabbi/test_ws/install/multi_ultrasonic_sensor/share/multi_ultrasonic_sensor/package.zsh'
[14.807s] Level 1:colcon.colcon_core.environment:create_file_with_runtime_dependencies(/home/sabbi/test_ws/install/multi_ultrasonic_sensor/share/colcon-core/packages/multi_ultrasonic_sensor)
[14.816s] DEBUG:colcon.colcon_parallel_executor.executor.parallel:closing loop
[14.818s] DEBUG:colcon.colcon_parallel_executor.executor.parallel:loop closed
[14.819s] DEBUG:colcon.colcon_parallel_executor.executor.parallel:run_until_complete finished with '0'
[14.820s] DEBUG:colcon.colcon_core.event_reactor:joining thread
[14.875s] INFO:colcon.colcon_core.plugin_system:Skipping extension 'colcon_notification.desktop_notification.terminal_notifier': Not used on non-Darwin systems
[14.876s] INFO:colcon.colcon_core.plugin_system:Skipping extension 'colcon_notification.desktop_notification.win32': Not used on non-Windows systems
[14.877s] INFO:colcon.colcon_notification.desktop_notification:Sending desktop notification using 'notify2'
[15.001s] DEBUG:colcon.colcon_core.event_reactor:joined thread
[15.002s] INFO:colcon.colcon_core.shell:Creating prefix script '/home/sabbi/test_ws/install/local_setup.ps1'
[15.009s] INFO:colcon.colcon_core.shell:Creating prefix util module '/home/sabbi/test_ws/install/_local_setup_util_ps1.py'
[15.023s] INFO:colcon.colcon_core.shell:Creating prefix chain script '/home/sabbi/test_ws/install/setup.ps1'
[15.036s] INFO:colcon.colcon_core.shell:Creating prefix script '/home/sabbi/test_ws/install/local_setup.sh'
[15.051s] INFO:colcon.colcon_core.shell:Creating prefix util module '/home/sabbi/test_ws/install/_local_setup_util_sh.py'
[15.058s] INFO:colcon.colcon_core.shell:Creating prefix chain script '/home/sabbi/test_ws/install/setup.sh'
[15.071s] INFO:colcon.colcon_core.shell:Creating prefix script '/home/sabbi/test_ws/install/local_setup.bash'
[15.075s] INFO:colcon.colcon_core.shell:Creating prefix chain script '/home/sabbi/test_ws/install/setup.bash'
[15.084s] INFO:colcon.colcon_core.shell:Creating prefix script '/home/sabbi/test_ws/install/local_setup.zsh'
[15.089s] INFO:colcon.colcon_core.shell:Creating prefix chain script '/home/sabbi/test_ws/install/setup.zsh'
