[1.348s] DEBUG:colcon:Command line arguments: ['/usr/bin/colcon', 'build']
[1.349s] DEBUG:colcon:Parsed command line arguments: Namespace(log_base=None, log_level=None, verb_name='build', build_base='build', install_base='install', merge_install=False, symlink_install=False, test_result_base=None, continue_on_error=False, executor='parallel', parallel_workers=4, event_handlers=None, ignore_user_meta=False, metas=['./colcon.meta'], base_paths=['.'], packages_ignore=None, packages_ignore_regex=None, paths=None, packages_up_to=None, packages_up_to_regex=None, packages_above=None, packages_above_and_dependencies=None, packages_above_depth=None, packages_select_by_dep=None, packages_skip_by_dep=None, packages_skip_up_to=None, packages_select_build_failed=False, packages_skip_build_finished=False, packages_select_test_failures=False, packages_skip_test_passed=False, packages_select=None, packages_skip=None, packages_select_regex=None, packages_skip_regex=None, packages_start=None, packages_end=None, allow_overriding=[], cmake_args=None, cmake_target=None, cmake_target_skip_unavailable=False, cmake_clean_cache=False, cmake_clean_first=False, cmake_force_configure=False, ament_cmake_args=None, catkin_cmake_args=None, catkin_skip_building_tests=False, mixin_files=None, mixin=None, verb_parser=<colcon_mixin.mixin.mixin_argument.MixinArgumentDecorator object at 0xffffab348910>, verb_extension=<colcon_core.verb.build.BuildVerb object at 0xffffab348460>, main=<bound method BuildVerb.main of <colcon_core.verb.build.BuildVerb object at 0xffffab348460>>, mixin_verb=('build',))
[3.625s] Level 1:colcon.colcon_core.package_discovery:discover_packages(colcon_meta) check parameters
[3.626s] Level 1:colcon.colcon_core.package_discovery:discover_packages(recursive) check parameters
[3.627s] Level 1:colcon.colcon_core.package_discovery:discover_packages(ignore) check parameters
[3.627s] Level 1:colcon.colcon_core.package_discovery:discover_packages(path) check parameters
[3.627s] Level 1:colcon.colcon_core.package_discovery:discover_packages(colcon_meta) discover
[3.628s] Level 1:colcon.colcon_core.package_discovery:discover_packages(recursive) discover
[3.629s] INFO:colcon.colcon_core.package_discovery:Crawling recursively for packages in '/home/sabbi/test_ws'
[3.630s] Level 1:colcon.colcon_core.package_identification:_identify(.) by extensions ['ignore', 'ignore_ament_install']
[3.631s] Level 1:colcon.colcon_core.package_identification:_identify(.) by extension 'ignore'
[3.632s] Level 1:colcon.colcon_core.package_identification:_identify(.) by extension 'ignore_ament_install'
[3.632s] Level 1:colcon.colcon_core.package_identification:_identify(.) by extensions ['colcon_pkg']
[3.633s] Level 1:colcon.colcon_core.package_identification:_identify(.) by extension 'colcon_pkg'
[3.633s] Level 1:colcon.colcon_core.package_identification:_identify(.) by extensions ['colcon_meta']
[3.634s] Level 1:colcon.colcon_core.package_identification:_identify(.) by extension 'colcon_meta'
[3.634s] Level 1:colcon.colcon_core.package_identification:_identify(.) by extensions ['ros']
[3.634s] Level 1:colcon.colcon_core.package_identification:_identify(.) by extension 'ros'
[3.769s] Level 1:colcon.colcon_core.package_identification:_identify(.) by extensions ['cmake', 'python']
[3.770s] Level 1:colcon.colcon_core.package_identification:_identify(.) by extension 'cmake'
[3.770s] Level 1:colcon.colcon_core.package_identification:_identify(.) by extension 'python'
[3.771s] Level 1:colcon.colcon_core.package_identification:_identify(.) by extensions ['python_setup_py']
[3.772s] Level 1:colcon.colcon_core.package_identification:_identify(.) by extension 'python_setup_py'
[3.773s] Level 1:colcon.colcon_core.package_identification:_identify(build) by extensions ['ignore', 'ignore_ament_install']
[3.775s] Level 1:colcon.colcon_core.package_identification:_identify(build) by extension 'ignore'
[3.775s] Level 1:colcon.colcon_core.package_identification:_identify(build) ignored
[3.778s] Level 1:colcon.colcon_core.package_identification:_identify(install) by extensions ['ignore', 'ignore_ament_install']
[3.779s] Level 1:colcon.colcon_core.package_identification:_identify(install) by extension 'ignore'
[3.779s] Level 1:colcon.colcon_core.package_identification:_identify(install) ignored
[3.781s] Level 1:colcon.colcon_core.package_identification:_identify(log) by extensions ['ignore', 'ignore_ament_install']
[3.782s] Level 1:colcon.colcon_core.package_identification:_identify(log) by extension 'ignore'
[3.782s] Level 1:colcon.colcon_core.package_identification:_identify(log) ignored
[3.783s] Level 1:colcon.colcon_core.package_identification:_identify(src) by extensions ['ignore', 'ignore_ament_install']
[3.784s] Level 1:colcon.colcon_core.package_identification:_identify(src) by extension 'ignore'
[3.785s] Level 1:colcon.colcon_core.package_identification:_identify(src) by extension 'ignore_ament_install'
[3.785s] Level 1:colcon.colcon_core.package_identification:_identify(src) by extensions ['colcon_pkg']
[3.786s] Level 1:colcon.colcon_core.package_identification:_identify(src) by extension 'colcon_pkg'
[3.786s] Level 1:colcon.colcon_core.package_identification:_identify(src) by extensions ['colcon_meta']
[3.787s] Level 1:colcon.colcon_core.package_identification:_identify(src) by extension 'colcon_meta'
[3.787s] Level 1:colcon.colcon_core.package_identification:_identify(src) by extensions ['ros']
[3.787s] Level 1:colcon.colcon_core.package_identification:_identify(src) by extension 'ros'
[3.788s] Level 1:colcon.colcon_core.package_identification:_identify(src) by extensions ['cmake', 'python']
[3.789s] Level 1:colcon.colcon_core.package_identification:_identify(src) by extension 'cmake'
[3.790s] Level 1:colcon.colcon_core.package_identification:_identify(src) by extension 'python'
[3.790s] Level 1:colcon.colcon_core.package_identification:_identify(src) by extensions ['python_setup_py']
[3.791s] Level 1:colcon.colcon_core.package_identification:_identify(src) by extension 'python_setup_py'
[3.793s] Level 1:colcon.colcon_core.package_identification:_identify(src/multi_ultrasonic_sensor) by extensions ['ignore', 'ignore_ament_install']
[3.794s] Level 1:colcon.colcon_core.package_identification:_identify(src/multi_ultrasonic_sensor) by extension 'ignore'
[3.794s] Level 1:colcon.colcon_core.package_identification:_identify(src/multi_ultrasonic_sensor) by extension 'ignore_ament_install'
[3.795s] Level 1:colcon.colcon_core.package_identification:_identify(src/multi_ultrasonic_sensor) by extensions ['colcon_pkg']
[3.795s] Level 1:colcon.colcon_core.package_identification:_identify(src/multi_ultrasonic_sensor) by extension 'colcon_pkg'
[3.796s] Level 1:colcon.colcon_core.package_identification:_identify(src/multi_ultrasonic_sensor) by extensions ['colcon_meta']
[3.796s] Level 1:colcon.colcon_core.package_identification:_identify(src/multi_ultrasonic_sensor) by extension 'colcon_meta'
[3.797s] Level 1:colcon.colcon_core.package_identification:_identify(src/multi_ultrasonic_sensor) by extensions ['ros']
[3.797s] Level 1:colcon.colcon_core.package_identification:_identify(src/multi_ultrasonic_sensor) by extension 'ros'
[3.820s] DEBUG:colcon.colcon_core.package_identification:Package 'src/multi_ultrasonic_sensor' with type 'ros.ament_python' and name 'multi_ultrasonic_sensor'
[3.820s] Level 1:colcon.colcon_core.package_discovery:discover_packages(recursive) using defaults
[3.821s] Level 1:colcon.colcon_core.package_discovery:discover_packages(ignore) discover
[3.821s] Level 1:colcon.colcon_core.package_discovery:discover_packages(ignore) using defaults
[3.822s] Level 1:colcon.colcon_core.package_discovery:discover_packages(path) discover
[3.822s] Level 1:colcon.colcon_core.package_discovery:discover_packages(path) using defaults
[4.035s] Level 1:colcon.colcon_core.package_discovery:discover_packages(prefix_path) check parameters
[4.035s] Level 1:colcon.colcon_core.package_discovery:discover_packages(prefix_path) discover
[4.057s] DEBUG:colcon.colcon_installed_package_information.package_discovery:Found 1 installed packages in /home/sabbi/test_ws/install
[4.078s] DEBUG:colcon.colcon_installed_package_information.package_discovery:Found 189 installed packages in /opt/ros/humble
[4.174s] Level 1:colcon.colcon_core.package_discovery:discover_packages(prefix_path) using defaults
[4.537s] Level 5:colcon.colcon_core.verb:set package 'multi_ultrasonic_sensor' build argument 'cmake_args' from command line to 'None'
[4.538s] Level 5:colcon.colcon_core.verb:set package 'multi_ultrasonic_sensor' build argument 'cmake_target' from command line to 'None'
[4.538s] Level 5:colcon.colcon_core.verb:set package 'multi_ultrasonic_sensor' build argument 'cmake_target_skip_unavailable' from command line to 'False'
[4.539s] Level 5:colcon.colcon_core.verb:set package 'multi_ultrasonic_sensor' build argument 'cmake_clean_cache' from command line to 'False'
[4.539s] Level 5:colcon.colcon_core.verb:set package 'multi_ultrasonic_sensor' build argument 'cmake_clean_first' from command line to 'False'
[4.539s] Level 5:colcon.colcon_core.verb:set package 'multi_ultrasonic_sensor' build argument 'cmake_force_configure' from command line to 'False'
[4.540s] Level 5:colcon.colcon_core.verb:set package 'multi_ultrasonic_sensor' build argument 'ament_cmake_args' from command line to 'None'
[4.540s] Level 5:colcon.colcon_core.verb:set package 'multi_ultrasonic_sensor' build argument 'catkin_cmake_args' from command line to 'None'
[4.540s] Level 5:colcon.colcon_core.verb:set package 'multi_ultrasonic_sensor' build argument 'catkin_skip_building_tests' from command line to 'False'
[4.541s] DEBUG:colcon.colcon_core.verb:Building package 'multi_ultrasonic_sensor' with the following arguments: {'ament_cmake_args': None, 'build_base': '/home/sabbi/test_ws/build/multi_ultrasonic_sensor', 'catkin_cmake_args': None, 'catkin_skip_building_tests': False, 'cmake_args': None, 'cmake_clean_cache': False, 'cmake_clean_first': False, 'cmake_force_configure': False, 'cmake_target': None, 'cmake_target_skip_unavailable': False, 'install_base': '/home/sabbi/test_ws/install/multi_ultrasonic_sensor', 'merge_install': False, 'path': '/home/sabbi/test_ws/src/multi_ultrasonic_sensor', 'symlink_install': False, 'test_result_base': None}
[4.542s] INFO:colcon.colcon_core.executor:Executing jobs using 'parallel' executor
[4.550s] DEBUG:colcon.colcon_parallel_executor.executor.parallel:run_until_complete
[4.552s] INFO:colcon.colcon_ros.task.ament_python.build:Building ROS package in '/home/sabbi/test_ws/src/multi_ultrasonic_sensor' with build type 'ament_python'
[4.555s] Level 1:colcon.colcon_core.shell:create_environment_hook('multi_ultrasonic_sensor', 'ament_prefix_path')
[4.582s] INFO:colcon.colcon_core.plugin_system:Skipping extension 'colcon_core.shell.bat': Not used on non-Windows systems
[4.586s] INFO:colcon.colcon_core.shell:Creating environment hook '/home/sabbi/test_ws/install/multi_ultrasonic_sensor/share/multi_ultrasonic_sensor/hook/ament_prefix_path.ps1'
[4.595s] INFO:colcon.colcon_core.shell:Creating environment descriptor '/home/sabbi/test_ws/install/multi_ultrasonic_sensor/share/multi_ultrasonic_sensor/hook/ament_prefix_path.dsv'
[4.602s] INFO:colcon.colcon_core.shell:Creating environment hook '/home/sabbi/test_ws/install/multi_ultrasonic_sensor/share/multi_ultrasonic_sensor/hook/ament_prefix_path.sh'
[4.612s] INFO:colcon.colcon_core.shell:Skip shell extension 'powershell' for command environment: Not usable outside of PowerShell
[4.614s] DEBUG:colcon.colcon_core.shell:Skip shell extension 'dsv' for command environment
[8.145s] INFO:colcon.colcon_core.task.python.build:Building Python package in '/home/sabbi/test_ws/src/multi_ultrasonic_sensor'
[8.148s] INFO:colcon.colcon_core.shell:Skip shell extension 'powershell' for command environment: Not usable outside of PowerShell
[8.149s] DEBUG:colcon.colcon_core.shell:Skip shell extension 'dsv' for command environment
[12.734s] DEBUG:colcon.colcon_core.event_handler.log_command:Invoking command in '/home/sabbi/test_ws/src/multi_ultrasonic_sensor': PYTHONPATH=/home/sabbi/test_ws/build/multi_ultrasonic_sensor/prefix_override:/usr/lib/python3/dist-packages/colcon_core/task/python/colcon_distutils_commands:/home/sabbi/test_ws/install/multi_ultrasonic_sensor/lib/python3.10/site-packages:${PYTHONPATH} /usr/bin/python3 -W ignore:setup.py install is deprecated -W ignore:easy_install command is deprecated setup.py egg_info --egg-base ../../build/multi_ultrasonic_sensor build --build-base /home/sabbi/test_ws/build/multi_ultrasonic_sensor/build install --record /home/sabbi/test_ws/build/multi_ultrasonic_sensor/install.log --single-version-externally-managed install_data
[16.435s] DEBUG:colcon.colcon_core.event_handler.log_command:Invoked command in '/home/sabbi/test_ws/src/multi_ultrasonic_sensor' returned '0': PYTHONPATH=/home/sabbi/test_ws/build/multi_ultrasonic_sensor/prefix_override:/usr/lib/python3/dist-packages/colcon_core/task/python/colcon_distutils_commands:/home/sabbi/test_ws/install/multi_ultrasonic_sensor/lib/python3.10/site-packages:${PYTHONPATH} /usr/bin/python3 -W ignore:setup.py install is deprecated -W ignore:easy_install command is deprecated setup.py egg_info --egg-base ../../build/multi_ultrasonic_sensor build --build-base /home/sabbi/test_ws/build/multi_ultrasonic_sensor/build install --record /home/sabbi/test_ws/build/multi_ultrasonic_sensor/install.log --single-version-externally-managed install_data
[16.468s] Level 1:colcon.colcon_core.environment:checking '/home/sabbi/test_ws/install/multi_ultrasonic_sensor' for CMake module files
[16.475s] Level 1:colcon.colcon_core.environment:checking '/home/sabbi/test_ws/install/multi_ultrasonic_sensor' for CMake config files
[16.488s] Level 1:colcon.colcon_core.environment:checking '/home/sabbi/test_ws/install/multi_ultrasonic_sensor/lib'
[16.490s] Level 1:colcon.colcon_core.environment:checking '/home/sabbi/test_ws/install/multi_ultrasonic_sensor/bin'
[16.491s] Level 1:colcon.colcon_core.environment:checking '/home/sabbi/test_ws/install/multi_ultrasonic_sensor/lib/pkgconfig/multi_ultrasonic_sensor.pc'
[16.493s] Level 1:colcon.colcon_core.environment:checking '/home/sabbi/test_ws/install/multi_ultrasonic_sensor/lib/python3.10/site-packages'
[16.494s] Level 1:colcon.colcon_core.shell:create_environment_hook('multi_ultrasonic_sensor', 'pythonpath')
[16.496s] INFO:colcon.colcon_core.shell:Creating environment hook '/home/sabbi/test_ws/install/multi_ultrasonic_sensor/share/multi_ultrasonic_sensor/hook/pythonpath.ps1'
[16.502s] INFO:colcon.colcon_core.shell:Creating environment descriptor '/home/sabbi/test_ws/install/multi_ultrasonic_sensor/share/multi_ultrasonic_sensor/hook/pythonpath.dsv'
[16.506s] INFO:colcon.colcon_core.shell:Creating environment hook '/home/sabbi/test_ws/install/multi_ultrasonic_sensor/share/multi_ultrasonic_sensor/hook/pythonpath.sh'
[16.513s] Level 1:colcon.colcon_core.environment:checking '/home/sabbi/test_ws/install/multi_ultrasonic_sensor/bin'
[16.514s] Level 1:colcon.colcon_core.environment:create_environment_scripts_only(multi_ultrasonic_sensor)
[16.518s] INFO:colcon.colcon_core.shell:Creating package script '/home/sabbi/test_ws/install/multi_ultrasonic_sensor/share/multi_ultrasonic_sensor/package.ps1'
[16.528s] INFO:colcon.colcon_core.shell:Creating package descriptor '/home/sabbi/test_ws/install/multi_ultrasonic_sensor/share/multi_ultrasonic_sensor/package.dsv'
[16.537s] INFO:colcon.colcon_core.shell:Creating package script '/home/sabbi/test_ws/install/multi_ultrasonic_sensor/share/multi_ultrasonic_sensor/package.sh'
[16.546s] INFO:colcon.colcon_core.shell:Creating package script '/home/sabbi/test_ws/install/multi_ultrasonic_sensor/share/multi_ultrasonic_sensor/package.bash'
[16.556s] INFO:colcon.colcon_core.shell:Creating package script '/home/sabbi/test_ws/install/multi_ultrasonic_sensor/share/multi_ultrasonic_sensor/package.zsh'
[16.567s] Level 1:colcon.colcon_core.environment:create_file_with_runtime_dependencies(/home/sabbi/test_ws/install/multi_ultrasonic_sensor/share/colcon-core/packages/multi_ultrasonic_sensor)
[16.570s] DEBUG:colcon.colcon_parallel_executor.executor.parallel:closing loop
[16.573s] DEBUG:colcon.colcon_parallel_executor.executor.parallel:loop closed
[16.574s] DEBUG:colcon.colcon_parallel_executor.executor.parallel:run_until_complete finished with '0'
[16.575s] DEBUG:colcon.colcon_core.event_reactor:joining thread
[16.634s] INFO:colcon.colcon_core.plugin_system:Skipping extension 'colcon_notification.desktop_notification.terminal_notifier': Not used on non-Darwin systems
[16.635s] INFO:colcon.colcon_core.plugin_system:Skipping extension 'colcon_notification.desktop_notification.win32': Not used on non-Windows systems
[16.635s] INFO:colcon.colcon_notification.desktop_notification:Sending desktop notification using 'notify2'
[16.752s] DEBUG:colcon.colcon_core.event_reactor:joined thread
[16.755s] INFO:colcon.colcon_core.shell:Creating prefix script '/home/sabbi/test_ws/install/local_setup.ps1'
[16.767s] INFO:colcon.colcon_core.shell:Creating prefix util module '/home/sabbi/test_ws/install/_local_setup_util_ps1.py'
[16.787s] INFO:colcon.colcon_core.shell:Creating prefix chain script '/home/sabbi/test_ws/install/setup.ps1'
[16.800s] INFO:colcon.colcon_core.shell:Creating prefix script '/home/sabbi/test_ws/install/local_setup.sh'
[16.808s] INFO:colcon.colcon_core.shell:Creating prefix util module '/home/sabbi/test_ws/install/_local_setup_util_sh.py'
[16.817s] INFO:colcon.colcon_core.shell:Creating prefix chain script '/home/sabbi/test_ws/install/setup.sh'
[16.833s] INFO:colcon.colcon_core.shell:Creating prefix script '/home/sabbi/test_ws/install/local_setup.bash'
[16.840s] INFO:colcon.colcon_core.shell:Creating prefix chain script '/home/sabbi/test_ws/install/setup.bash'
[16.852s] INFO:colcon.colcon_core.shell:Creating prefix script '/home/sabbi/test_ws/install/local_setup.zsh'
[16.860s] INFO:colcon.colcon_core.shell:Creating prefix chain script '/home/sabbi/test_ws/install/setup.zsh'
