[1.431s] DEBUG:colcon:Command line arguments: ['/usr/bin/colcon', 'build']
[1.431s] DEBUG:colcon:Parsed command line arguments: Namespace(log_base=None, log_level=None, verb_name='build', build_base='build', install_base='install', merge_install=False, symlink_install=False, test_result_base=None, continue_on_error=False, executor='parallel', parallel_workers=4, event_handlers=None, ignore_user_meta=False, metas=['./colcon.meta'], base_paths=['.'], packages_ignore=None, packages_ignore_regex=None, paths=None, packages_up_to=None, packages_up_to_regex=None, packages_above=None, packages_above_and_dependencies=None, packages_above_depth=None, packages_select_by_dep=None, packages_skip_by_dep=None, packages_skip_up_to=None, packages_select_build_failed=False, packages_skip_build_finished=False, packages_select_test_failures=False, packages_skip_test_passed=False, packages_select=None, packages_skip=None, packages_select_regex=None, packages_skip_regex=None, packages_start=None, packages_end=None, allow_overriding=[], cmake_args=None, cmake_target=None, cmake_target_skip_unavailable=False, cmake_clean_cache=False, cmake_clean_first=False, cmake_force_configure=False, ament_cmake_args=None, catkin_cmake_args=None, catkin_skip_building_tests=False, mixin_files=None, mixin=None, verb_parser=<colcon_mixin.mixin.mixin_argument.MixinArgumentDecorator object at 0xffff99d7c640>, verb_extension=<colcon_core.verb.build.BuildVerb object at 0xffff99d7c190>, main=<bound method BuildVerb.main of <colcon_core.verb.build.BuildVerb object at 0xffff99d7c190>>, mixin_verb=('build',))
[2.552s] Level 1:colcon.colcon_core.package_discovery:discover_packages(colcon_meta) check parameters
[2.552s] Level 1:colcon.colcon_core.package_discovery:discover_packages(recursive) check parameters
[2.552s] Level 1:colcon.colcon_core.package_discovery:discover_packages(ignore) check parameters
[2.552s] Level 1:colcon.colcon_core.package_discovery:discover_packages(path) check parameters
[2.553s] Level 1:colcon.colcon_core.package_discovery:discover_packages(colcon_meta) discover
[2.553s] Level 1:colcon.colcon_core.package_discovery:discover_packages(recursive) discover
[2.553s] INFO:colcon.colcon_core.package_discovery:Crawling recursively for packages in '/home/sabbi/test_ws'
[2.554s] Level 1:colcon.colcon_core.package_identification:_identify(.) by extensions ['ignore', 'ignore_ament_install']
[2.554s] Level 1:colcon.colcon_core.package_identification:_identify(.) by extension 'ignore'
[2.554s] Level 1:colcon.colcon_core.package_identification:_identify(.) by extension 'ignore_ament_install'
[2.555s] Level 1:colcon.colcon_core.package_identification:_identify(.) by extensions ['colcon_pkg']
[2.555s] Level 1:colcon.colcon_core.package_identification:_identify(.) by extension 'colcon_pkg'
[2.555s] Level 1:colcon.colcon_core.package_identification:_identify(.) by extensions ['colcon_meta']
[2.555s] Level 1:colcon.colcon_core.package_identification:_identify(.) by extension 'colcon_meta'
[2.555s] Level 1:colcon.colcon_core.package_identification:_identify(.) by extensions ['ros']
[2.556s] Level 1:colcon.colcon_core.package_identification:_identify(.) by extension 'ros'
[2.631s] Level 1:colcon.colcon_core.package_identification:_identify(.) by extensions ['cmake', 'python']
[2.632s] Level 1:colcon.colcon_core.package_identification:_identify(.) by extension 'cmake'
[2.632s] Level 1:colcon.colcon_core.package_identification:_identify(.) by extension 'python'
[2.632s] Level 1:colcon.colcon_core.package_identification:_identify(.) by extensions ['python_setup_py']
[2.632s] Level 1:colcon.colcon_core.package_identification:_identify(.) by extension 'python_setup_py'
[2.633s] Level 1:colcon.colcon_core.package_identification:_identify(build) by extensions ['ignore', 'ignore_ament_install']
[2.633s] Level 1:colcon.colcon_core.package_identification:_identify(build) by extension 'ignore'
[2.633s] Level 1:colcon.colcon_core.package_identification:_identify(build) ignored
[2.634s] Level 1:colcon.colcon_core.package_identification:_identify(install) by extensions ['ignore', 'ignore_ament_install']
[2.635s] Level 1:colcon.colcon_core.package_identification:_identify(install) by extension 'ignore'
[2.635s] Level 1:colcon.colcon_core.package_identification:_identify(install) ignored
[2.636s] Level 1:colcon.colcon_core.package_identification:_identify(log) by extensions ['ignore', 'ignore_ament_install']
[2.636s] Level 1:colcon.colcon_core.package_identification:_identify(log) by extension 'ignore'
[2.636s] Level 1:colcon.colcon_core.package_identification:_identify(log) ignored
[2.637s] Level 1:colcon.colcon_core.package_identification:_identify(src) by extensions ['ignore', 'ignore_ament_install']
[2.637s] Level 1:colcon.colcon_core.package_identification:_identify(src) by extension 'ignore'
[2.637s] Level 1:colcon.colcon_core.package_identification:_identify(src) by extension 'ignore_ament_install'
[2.638s] Level 1:colcon.colcon_core.package_identification:_identify(src) by extensions ['colcon_pkg']
[2.638s] Level 1:colcon.colcon_core.package_identification:_identify(src) by extension 'colcon_pkg'
[2.638s] Level 1:colcon.colcon_core.package_identification:_identify(src) by extensions ['colcon_meta']
[2.638s] Level 1:colcon.colcon_core.package_identification:_identify(src) by extension 'colcon_meta'
[2.638s] Level 1:colcon.colcon_core.package_identification:_identify(src) by extensions ['ros']
[2.638s] Level 1:colcon.colcon_core.package_identification:_identify(src) by extension 'ros'
[2.639s] Level 1:colcon.colcon_core.package_identification:_identify(src) by extensions ['cmake', 'python']
[2.639s] Level 1:colcon.colcon_core.package_identification:_identify(src) by extension 'cmake'
[2.639s] Level 1:colcon.colcon_core.package_identification:_identify(src) by extension 'python'
[2.639s] Level 1:colcon.colcon_core.package_identification:_identify(src) by extensions ['python_setup_py']
[2.639s] Level 1:colcon.colcon_core.package_identification:_identify(src) by extension 'python_setup_py'
[2.640s] Level 1:colcon.colcon_core.package_identification:_identify(src/multi_ultrasonic_sensor) by extensions ['ignore', 'ignore_ament_install']
[2.640s] Level 1:colcon.colcon_core.package_identification:_identify(src/multi_ultrasonic_sensor) by extension 'ignore'
[2.640s] Level 1:colcon.colcon_core.package_identification:_identify(src/multi_ultrasonic_sensor) by extension 'ignore_ament_install'
[2.641s] Level 1:colcon.colcon_core.package_identification:_identify(src/multi_ultrasonic_sensor) by extensions ['colcon_pkg']
[2.641s] Level 1:colcon.colcon_core.package_identification:_identify(src/multi_ultrasonic_sensor) by extension 'colcon_pkg'
[2.641s] Level 1:colcon.colcon_core.package_identification:_identify(src/multi_ultrasonic_sensor) by extensions ['colcon_meta']
[2.641s] Level 1:colcon.colcon_core.package_identification:_identify(src/multi_ultrasonic_sensor) by extension 'colcon_meta'
[2.641s] Level 1:colcon.colcon_core.package_identification:_identify(src/multi_ultrasonic_sensor) by extensions ['ros']
[2.641s] Level 1:colcon.colcon_core.package_identification:_identify(src/multi_ultrasonic_sensor) by extension 'ros'
[2.654s] DEBUG:colcon.colcon_core.package_identification:Package 'src/multi_ultrasonic_sensor' with type 'ros.ament_python' and name 'multi_ultrasonic_sensor'
[2.654s] Level 1:colcon.colcon_core.package_discovery:discover_packages(recursive) using defaults
[2.655s] Level 1:colcon.colcon_core.package_discovery:discover_packages(ignore) discover
[2.655s] Level 1:colcon.colcon_core.package_discovery:discover_packages(ignore) using defaults
[2.655s] Level 1:colcon.colcon_core.package_discovery:discover_packages(path) discover
[2.655s] Level 1:colcon.colcon_core.package_discovery:discover_packages(path) using defaults
[2.798s] Level 1:colcon.colcon_core.package_discovery:discover_packages(prefix_path) check parameters
[2.798s] Level 1:colcon.colcon_core.package_discovery:discover_packages(prefix_path) discover
[2.816s] DEBUG:colcon.colcon_installed_package_information.package_discovery:Found 189 installed packages in /opt/ros/humble
[2.865s] Level 1:colcon.colcon_core.package_discovery:discover_packages(prefix_path) using defaults
[2.987s] Level 5:colcon.colcon_core.verb:set package 'multi_ultrasonic_sensor' build argument 'cmake_args' from command line to 'None'
[2.987s] Level 5:colcon.colcon_core.verb:set package 'multi_ultrasonic_sensor' build argument 'cmake_target' from command line to 'None'
[2.987s] Level 5:colcon.colcon_core.verb:set package 'multi_ultrasonic_sensor' build argument 'cmake_target_skip_unavailable' from command line to 'False'
[2.987s] Level 5:colcon.colcon_core.verb:set package 'multi_ultrasonic_sensor' build argument 'cmake_clean_cache' from command line to 'False'
[2.988s] Level 5:colcon.colcon_core.verb:set package 'multi_ultrasonic_sensor' build argument 'cmake_clean_first' from command line to 'False'
[2.988s] Level 5:colcon.colcon_core.verb:set package 'multi_ultrasonic_sensor' build argument 'cmake_force_configure' from command line to 'False'
[2.988s] Level 5:colcon.colcon_core.verb:set package 'multi_ultrasonic_sensor' build argument 'ament_cmake_args' from command line to 'None'
[2.988s] Level 5:colcon.colcon_core.verb:set package 'multi_ultrasonic_sensor' build argument 'catkin_cmake_args' from command line to 'None'
[2.988s] Level 5:colcon.colcon_core.verb:set package 'multi_ultrasonic_sensor' build argument 'catkin_skip_building_tests' from command line to 'False'
[2.988s] DEBUG:colcon.colcon_core.verb:Building package 'multi_ultrasonic_sensor' with the following arguments: {'ament_cmake_args': None, 'build_base': '/home/sabbi/test_ws/build/multi_ultrasonic_sensor', 'catkin_cmake_args': None, 'catkin_skip_building_tests': False, 'cmake_args': None, 'cmake_clean_cache': False, 'cmake_clean_first': False, 'cmake_force_configure': False, 'cmake_target': None, 'cmake_target_skip_unavailable': False, 'install_base': '/home/sabbi/test_ws/install/multi_ultrasonic_sensor', 'merge_install': False, 'path': '/home/sabbi/test_ws/src/multi_ultrasonic_sensor', 'symlink_install': False, 'test_result_base': None}
[2.989s] INFO:colcon.colcon_core.executor:Executing jobs using 'parallel' executor
[2.992s] DEBUG:colcon.colcon_parallel_executor.executor.parallel:run_until_complete
[2.993s] INFO:colcon.colcon_ros.task.ament_python.build:Building ROS package in '/home/sabbi/test_ws/src/multi_ultrasonic_sensor' with build type 'ament_python'
[2.993s] Level 1:colcon.colcon_core.shell:create_environment_hook('multi_ultrasonic_sensor', 'ament_prefix_path')
[3.015s] INFO:colcon.colcon_core.plugin_system:Skipping extension 'colcon_core.shell.bat': Not used on non-Windows systems
[3.016s] INFO:colcon.colcon_core.shell:Creating environment hook '/home/sabbi/test_ws/install/multi_ultrasonic_sensor/share/multi_ultrasonic_sensor/hook/ament_prefix_path.ps1'
[3.023s] INFO:colcon.colcon_core.shell:Creating environment descriptor '/home/sabbi/test_ws/install/multi_ultrasonic_sensor/share/multi_ultrasonic_sensor/hook/ament_prefix_path.dsv'
[3.028s] INFO:colcon.colcon_core.shell:Creating environment hook '/home/sabbi/test_ws/install/multi_ultrasonic_sensor/share/multi_ultrasonic_sensor/hook/ament_prefix_path.sh'
[3.033s] INFO:colcon.colcon_core.shell:Skip shell extension 'powershell' for command environment: Not usable outside of PowerShell
[3.033s] DEBUG:colcon.colcon_core.shell:Skip shell extension 'dsv' for command environment
[4.206s] INFO:colcon.colcon_core.task.python.build:Building Python package in '/home/sabbi/test_ws/src/multi_ultrasonic_sensor'
[4.207s] INFO:colcon.colcon_core.shell:Skip shell extension 'powershell' for command environment: Not usable outside of PowerShell
[4.208s] DEBUG:colcon.colcon_core.shell:Skip shell extension 'dsv' for command environment
[7.955s] DEBUG:colcon.colcon_core.event_handler.log_command:Invoking command in '/home/sabbi/test_ws/src/multi_ultrasonic_sensor': PYTHONPATH=/home/sabbi/test_ws/build/multi_ultrasonic_sensor/prefix_override:/usr/lib/python3/dist-packages/colcon_core/task/python/colcon_distutils_commands:/home/sabbi/test_ws/install/multi_ultrasonic_sensor/lib/python3.10/site-packages:${PYTHONPATH} /usr/bin/python3 -W ignore:setup.py install is deprecated -W ignore:easy_install command is deprecated setup.py egg_info --egg-base ../../build/multi_ultrasonic_sensor build --build-base /home/sabbi/test_ws/build/multi_ultrasonic_sensor/build install --record /home/sabbi/test_ws/build/multi_ultrasonic_sensor/install.log --single-version-externally-managed install_data
[9.309s] DEBUG:colcon.colcon_core.event_handler.log_command:Invoked command in '/home/sabbi/test_ws/src/multi_ultrasonic_sensor' returned '0': PYTHONPATH=/home/sabbi/test_ws/build/multi_ultrasonic_sensor/prefix_override:/usr/lib/python3/dist-packages/colcon_core/task/python/colcon_distutils_commands:/home/sabbi/test_ws/install/multi_ultrasonic_sensor/lib/python3.10/site-packages:${PYTHONPATH} /usr/bin/python3 -W ignore:setup.py install is deprecated -W ignore:easy_install command is deprecated setup.py egg_info --egg-base ../../build/multi_ultrasonic_sensor build --build-base /home/sabbi/test_ws/build/multi_ultrasonic_sensor/build install --record /home/sabbi/test_ws/build/multi_ultrasonic_sensor/install.log --single-version-externally-managed install_data
[9.337s] Level 1:colcon.colcon_core.environment:checking '/home/sabbi/test_ws/install/multi_ultrasonic_sensor' for CMake module files
[9.341s] Level 1:colcon.colcon_core.environment:checking '/home/sabbi/test_ws/install/multi_ultrasonic_sensor' for CMake config files
[9.346s] Level 1:colcon.colcon_core.environment:checking '/home/sabbi/test_ws/install/multi_ultrasonic_sensor/lib'
[9.347s] Level 1:colcon.colcon_core.environment:checking '/home/sabbi/test_ws/install/multi_ultrasonic_sensor/bin'
[9.348s] Level 1:colcon.colcon_core.environment:checking '/home/sabbi/test_ws/install/multi_ultrasonic_sensor/lib/pkgconfig/multi_ultrasonic_sensor.pc'
[9.349s] Level 1:colcon.colcon_core.environment:checking '/home/sabbi/test_ws/install/multi_ultrasonic_sensor/lib/python3.10/site-packages'
[9.349s] Level 1:colcon.colcon_core.shell:create_environment_hook('multi_ultrasonic_sensor', 'pythonpath')
[9.350s] INFO:colcon.colcon_core.shell:Creating environment hook '/home/sabbi/test_ws/install/multi_ultrasonic_sensor/share/multi_ultrasonic_sensor/hook/pythonpath.ps1'
[9.352s] INFO:colcon.colcon_core.shell:Creating environment descriptor '/home/sabbi/test_ws/install/multi_ultrasonic_sensor/share/multi_ultrasonic_sensor/hook/pythonpath.dsv'
[9.355s] INFO:colcon.colcon_core.shell:Creating environment hook '/home/sabbi/test_ws/install/multi_ultrasonic_sensor/share/multi_ultrasonic_sensor/hook/pythonpath.sh'
[9.358s] Level 1:colcon.colcon_core.environment:checking '/home/sabbi/test_ws/install/multi_ultrasonic_sensor/bin'
[9.358s] Level 1:colcon.colcon_core.environment:create_environment_scripts_only(multi_ultrasonic_sensor)
[9.360s] INFO:colcon.colcon_core.shell:Creating package script '/home/sabbi/test_ws/install/multi_ultrasonic_sensor/share/multi_ultrasonic_sensor/package.ps1'
[9.365s] INFO:colcon.colcon_core.shell:Creating package descriptor '/home/sabbi/test_ws/install/multi_ultrasonic_sensor/share/multi_ultrasonic_sensor/package.dsv'
[9.368s] INFO:colcon.colcon_core.shell:Creating package script '/home/sabbi/test_ws/install/multi_ultrasonic_sensor/share/multi_ultrasonic_sensor/package.sh'
[9.373s] INFO:colcon.colcon_core.shell:Creating package script '/home/sabbi/test_ws/install/multi_ultrasonic_sensor/share/multi_ultrasonic_sensor/package.bash'
[9.377s] INFO:colcon.colcon_core.shell:Creating package script '/home/sabbi/test_ws/install/multi_ultrasonic_sensor/share/multi_ultrasonic_sensor/package.zsh'
[9.383s] Level 1:colcon.colcon_core.environment:create_file_with_runtime_dependencies(/home/sabbi/test_ws/install/multi_ultrasonic_sensor/share/colcon-core/packages/multi_ultrasonic_sensor)
[9.384s] DEBUG:colcon.colcon_parallel_executor.executor.parallel:closing loop
[9.386s] DEBUG:colcon.colcon_parallel_executor.executor.parallel:loop closed
[9.386s] DEBUG:colcon.colcon_parallel_executor.executor.parallel:run_until_complete finished with '0'
[9.386s] DEBUG:colcon.colcon_core.event_reactor:joining thread
[9.417s] INFO:colcon.colcon_core.plugin_system:Skipping extension 'colcon_notification.desktop_notification.terminal_notifier': Not used on non-Darwin systems
[9.418s] INFO:colcon.colcon_core.plugin_system:Skipping extension 'colcon_notification.desktop_notification.win32': Not used on non-Windows systems
[9.418s] INFO:colcon.colcon_notification.desktop_notification:Sending desktop notification using 'notify2'
[9.523s] DEBUG:colcon.colcon_core.event_reactor:joined thread
[9.525s] INFO:colcon.colcon_core.shell:Creating prefix script '/home/sabbi/test_ws/install/local_setup.ps1'
[9.532s] INFO:colcon.colcon_core.shell:Creating prefix util module '/home/sabbi/test_ws/install/_local_setup_util_ps1.py'
[9.542s] INFO:colcon.colcon_core.shell:Creating prefix chain script '/home/sabbi/test_ws/install/setup.ps1'
[9.549s] INFO:colcon.colcon_core.shell:Creating prefix script '/home/sabbi/test_ws/install/local_setup.sh'
[9.554s] INFO:colcon.colcon_core.shell:Creating prefix util module '/home/sabbi/test_ws/install/_local_setup_util_sh.py'
[9.558s] INFO:colcon.colcon_core.shell:Creating prefix chain script '/home/sabbi/test_ws/install/setup.sh'
[9.566s] INFO:colcon.colcon_core.shell:Creating prefix script '/home/sabbi/test_ws/install/local_setup.bash'
[9.571s] INFO:colcon.colcon_core.shell:Creating prefix chain script '/home/sabbi/test_ws/install/setup.bash'
[9.577s] INFO:colcon.colcon_core.shell:Creating prefix script '/home/sabbi/test_ws/install/local_setup.zsh'
[9.582s] INFO:colcon.colcon_core.shell:Creating prefix chain script '/home/sabbi/test_ws/install/setup.zsh'
