running egg_info
creating ../../build/battery_publisher/battery_publisher.egg-info
writing ../../build/battery_publisher/battery_publisher.egg-info/PKG-INFO
writing dependency_links to ../../build/battery_publisher/battery_publisher.egg-info/dependency_links.txt
writing entry points to ../../build/battery_publisher/battery_publisher.egg-info/entry_points.txt
writing requirements to ../../build/battery_publisher/battery_publisher.egg-info/requires.txt
writing top-level names to ../../build/battery_publisher/battery_publisher.egg-info/top_level.txt
writing manifest file '../../build/battery_publisher/battery_publisher.egg-info/SOURCES.txt'
reading manifest file '../../build/battery_publisher/battery_publisher.egg-info/SOURCES.txt'
writing manifest file '../../build/battery_publisher/battery_publisher.egg-info/SOURCES.txt'
running build
running build_py
creating /home/sabbi/test_ws/build/battery_publisher/build
creating /home/sabbi/test_ws/build/battery_publisher/build/lib
creating /home/sabbi/test_ws/build/battery_publisher/build/lib/battery_publisher
copying battery_publisher/battery_publisher_node.py -> /home/sabbi/test_ws/build/battery_publisher/build/lib/battery_publisher
copying battery_publisher/__init__.py -> /home/sabbi/test_ws/build/battery_publisher/build/lib/battery_publisher
running install
running install_lib
creating /home/sabbi/test_ws/install/battery_publisher/lib/python3.10/site-packages/battery_publisher
copying /home/sabbi/test_ws/build/battery_publisher/build/lib/battery_publisher/battery_publisher_node.py -> /home/sabbi/test_ws/install/battery_publisher/lib/python3.10/site-packages/battery_publisher
copying /home/sabbi/test_ws/build/battery_publisher/build/lib/battery_publisher/__init__.py -> /home/sabbi/test_ws/install/battery_publisher/lib/python3.10/site-packages/battery_publisher
byte-compiling /home/sabbi/test_ws/install/battery_publisher/lib/python3.10/site-packages/battery_publisher/battery_publisher_node.py to battery_publisher_node.cpython-310.pyc
byte-compiling /home/sabbi/test_ws/install/battery_publisher/lib/python3.10/site-packages/battery_publisher/__init__.py to __init__.cpython-310.pyc
running install_data
creating /home/sabbi/test_ws/install/battery_publisher/share/ament_index
creating /home/sabbi/test_ws/install/battery_publisher/share/ament_index/resource_index
creating /home/sabbi/test_ws/install/battery_publisher/share/ament_index/resource_index/packages
copying resource/battery_publisher -> /home/sabbi/test_ws/install/battery_publisher/share/ament_index/resource_index/packages
copying package.xml -> /home/sabbi/test_ws/install/battery_publisher/share/battery_publisher
running install_egg_info
Copying ../../build/battery_publisher/battery_publisher.egg-info to /home/sabbi/test_ws/install/battery_publisher/lib/python3.10/site-packages/battery_publisher-0.0.0-py3.10.egg-info
running install_scripts
Installing battery_publisher_node script to /home/sabbi/test_ws/install/battery_publisher/lib/battery_publisher
writing list of installed files to '/home/sabbi/test_ws/build/battery_publisher/install.log'
