[3.726s] Invoking command in '/home/sabbi/test_ws/src/multi_ultrasonic_sensor': PYTHONPATH=/home/sabbi/test_ws/build/multi_ultrasonic_sensor/prefix_override:/usr/lib/python3/dist-packages/colcon_core/task/python/colcon_distutils_commands:/home/sabbi/test_ws/install/multi_ultrasonic_sensor/lib/python3.10/site-packages:${PYTHONPATH} /usr/bin/python3 -W ignore:setup.py install is deprecated -W ignore:easy_install command is deprecated setup.py egg_info --egg-base ../../build/multi_ultrasonic_sensor build --build-base /home/sabbi/test_ws/build/multi_ultrasonic_sensor/build install --record /home/sabbi/test_ws/build/multi_ultrasonic_sensor/install.log --single-version-externally-managed install_data
[4.967s] running egg_info
[4.972s] writing ../../build/multi_ultrasonic_sensor/multi_ultrasonic_sensor.egg-info/PKG-INFO
[4.977s] writing dependency_links to ../../build/multi_ultrasonic_sensor/multi_ultrasonic_sensor.egg-info/dependency_links.txt
[4.978s] writing entry points to ../../build/multi_ultrasonic_sensor/multi_ultrasonic_sensor.egg-info/entry_points.txt
[4.980s] writing requirements to ../../build/multi_ultrasonic_sensor/multi_ultrasonic_sensor.egg-info/requires.txt
[4.980s] writing top-level names to ../../build/multi_ultrasonic_sensor/multi_ultrasonic_sensor.egg-info/top_level.txt
[4.989s] reading manifest file '../../build/multi_ultrasonic_sensor/multi_ultrasonic_sensor.egg-info/SOURCES.txt'
[4.994s] writing manifest file '../../build/multi_ultrasonic_sensor/multi_ultrasonic_sensor.egg-info/SOURCES.txt'
[4.995s] running build
[4.995s] running build_py
[5.000s] running install
[5.001s] running install_lib
[5.009s] running install_data
[5.010s] running install_egg_info
[5.017s] removing '/home/sabbi/test_ws/install/multi_ultrasonic_sensor/lib/python3.10/site-packages/multi_ultrasonic_sensor-0.0.0-py3.10.egg-info' (and everything under it)
[5.019s] Copying ../../build/multi_ultrasonic_sensor/multi_ultrasonic_sensor.egg-info to /home/sabbi/test_ws/install/multi_ultrasonic_sensor/lib/python3.10/site-packages/multi_ultrasonic_sensor-0.0.0-py3.10.egg-info
[5.028s] running install_scripts
[5.122s] Installing multi_sensor_node script to /home/sabbi/test_ws/install/multi_ultrasonic_sensor/lib/multi_ultrasonic_sensor
[5.125s] writing list of installed files to '/home/sabbi/test_ws/build/multi_ultrasonic_sensor/install.log'
[5.282s] Invoked command in '/home/sabbi/test_ws/src/multi_ultrasonic_sensor' returned '0': PYTHONPATH=/home/sabbi/test_ws/build/multi_ultrasonic_sensor/prefix_override:/usr/lib/python3/dist-packages/colcon_core/task/python/colcon_distutils_commands:/home/sabbi/test_ws/install/multi_ultrasonic_sensor/lib/python3.10/site-packages:${PYTHONPATH} /usr/bin/python3 -W ignore:setup.py install is deprecated -W ignore:easy_install command is deprecated setup.py egg_info --egg-base ../../build/multi_ultrasonic_sensor build --build-base /home/sabbi/test_ws/build/multi_ultrasonic_sensor/build install --record /home/sabbi/test_ws/build/multi_ultrasonic_sensor/install.log --single-version-externally-managed install_data
